89 23 17 59 82 7 1 97 6 76 45 21 60 64 96 35 29 87 69 90 24 98 93 85 20 71 56 32 40 31 88 47 65 79 68 72 15 33 50 95 67 34 37 43 22 100 80 83 92 51 14 94 30 2 8 63 73 61 36 52 11 86 77 27 4 91 9 42 25 46 44 10 3 13 58 38 99 81 70 84 28 55 74 75 48 12 57 39 41 78 66 5 54 49 18 53 19 16 26 62 
90 32 4 46 8 81 88 12 87 21 36 63 96 64 75 85 27 3 11 40 69 13 70 89 14 26 94 7 76 19 33 31 6 45 68 53 29 47 82 37 60 18 95 43 86 44 57 79 99 97 74 38 23 54 24 67 73 83 92 48 80 28 2 84 35 16 41 91 71 52 22 50 10 42 77 62 65 49 5 17 1 30 59 100 39 9 51 20 72 15 34 98 78 55 56 66 93 25 58 61 
92 75 87 77 60 98 25 61 73 15 31 30 48 9 29 88 7 62 4 82 49 22 53 24 66 54 95 84 63 78 17 1 76 43 18 21 80 83 23 85 64 40 12 3 11 79 28 91 74 71 57 69 70 16 55 99 14 10 58 35 44 32 56 90 20 41 42 5 33 47 59 96 94 38 46 45 93 50 100 26 36 97 81 13 37 19 34 86 8 65 67 68 6 89 51 72 2 52 39 27 
96 73 67 75 8 20 10 26 12 15 94 65 1 40 51 70 11 54 16 23 39 55 47 76 89 32 66 7 97 78 92 82 72 95 80 83 43 3 85 41 62 61 5 35 64 60 45 48 52 100 57 27 13 9 86 6 69 38 18 71 30 36 53 87 31 74 91 49 34 56 59 99 63 4 19 50 22 88 90 84 98 33 79 2 28 46 37 17 68 44 24 29 77 81 42 25 21 14 58 93 
56 74 94 51 50 44 63 14 75 73 48 76 46 34 6 71 27 79 95 31 89 57 70 67 81 96 80 25 36 41 99 64 7 28 5 92 61 53 23 13 33 88 30 38 43 12 100 8 97 84 77 21 69 4 3 19 52 86 90 68 83 11 1 18 82 29 9 22 62 45 72 26 65 39 10 49 66 98 24 35 47 42 55 40 85 78 93 37 32 91 87 17 58 2 54 15 59 60 20 16 
11 100 46 97 94 27 86 16 76 60 92 54 22 29 66 65 99 15 88 31 68 4 40 26 44 34 67 48 45 8 7 87 39 56 90 81 74 89 51 42 19 33 53 37 91 57 62 3 80 25 64 10 17 95 36 23 73 5 59 84 38 50 49 13 6 78 63 77 70 85 20 71 69 2 12 35 24 41 75 32 58 82 18 98 28 21 47 1 79 61 30 43 9 14 72 96 52 55 83 93 
72 55 88 46 94 99 19 1 36 95 76 57 61 8 80 85 33 30 26 96 34 13 40 64 49 67 83 12 31 63 44 92 52 89 22 14 79 75 66 43 16 20 71 2 73 39 27 3 48 28 10 98 9 87 68 38 17 6 32 15 54 11 74 53 50 25 18 62 23 58 93 47 82 7 56 37 100 69 59 78 29 41 42 90 5 86 35 65 51 60 21 45 91 4 81 70 97 24 77 84 
95 22 97 17 66 30 74 70 73 100 94 96 63 54 23 21 9 82 8 46 50 89 38 79 43 29 92 56 86 80 36 98 24 31 14 48 6 26 32 65 42 33 84 34 41 28 52 39 35 2 4 88 40 69 90 78 81 76 60 37 25 87 83 44 68 10 57 19 13 72 3 71 59 61 99 93 45 1 77 47 85 18 27 11 64 7 62 51 20 15 53 91 16 12 5 67 49 55 75 58 
24 53 14 57 12 79 31 67 36 90 56 48 25 86 59 42 35 62 87 60 29 9 76 93 45 20 75 26 52 18 69 85 27 1 10 47 44 7 99 89 37 13 41 55 3 84 95 80 32 8 17 34 4 98 81 50 16 91 70 64 82 92 46 30 83 94 77 96 23 68 74 40 33 100 61 2 54 15 66 73 43 19 39 58 38 11 63 28 78 5 51 88 21 65 22 71 97 72 6 49 
25 78 10 54 35 93 74 66 13 20 49 36 21 62 60 33 77 38 40 48 57 65 79 52 64 43 9 37 75 68 22 92 55 97 90 41 84 27 100 85 53 26 76 24 81 1 50 58 47 69 72 67 23 30 7 83 44 96 16 32 19 2 61 17 59 34 45 6 39 73 42 31 70 91 51 95 46 87 15 5 71 56 28 86 18 89 4 99 80 82 12 98 88 8 63 94 29 3 11 14 
12 14 81 55 2 48 86 72 4 97 34 18 43 7 51 32 92 98 85 42 17 20 16 58 69 62 26 71 63 91 82 6 35 9 45 52 1 47 99 89 74 94 30 76 21 66 75 40 53 5 90 33 96 88 65 23 95 49 100 54 70 57 59 79 93 73 39 68 31 78 10 22 80 27 44 15 24 28 77 67 56 37 83 46 13 60 87 25 38 84 3 41 8 64 11 61 50 19 29 36 
31 77 49 9 50 11 74 79 87 81 98 80 32 45 83 62 4 13 64 92 85 17 27 54 12 15 51 23 30 84 65 25 20 93 5 10 71 57 38 72 19 28 88 33 6 47 63 8 76 59 29 96 95 53 56 43 91 26 22 99 70 44 7 68 97 75 60 42 78 86 39 100 3 90 46 37 1 55 52 69 73 14 34 66 21 41 40 94 24 16 82 89 67 36 18 2 48 61 35 58 
72 64 13 3 11 4 30 29 38 78 46 82 65 73 86 74 20 24 70 9 95 6 47 26 67 76 23 54 16 2 53 99 43 80 15 33 41 39 92 85 35 98 49 55 1 66 87 89 100 34 45 22 88 17 71 75 77 12 5 27 83 56 52 63 58 10 21 8 36 96 79 32 40 31 57 60 37 51 44 84 93 61 81 28 7 25 48 97 59 19 18 42 62 14 91 50 94 90 68 69 
84 72 91 62 42 34 95 56 99 48 83 92 38 78 15 54 8 73 47 9 36 76 93 61 46 74 71 3 33 11 59 55 19 81 67 44 43 22 13 39 27 60 4 31 53 77 68 5 98 20 89 57 63 100 97 35 50 26 6 7 96 51 79 88 21 52 45 17 16 14 87 30 10 25 37 66 23 1 75 40 82 85 70 32 58 41 2 65 28 94 69 12 18 80 64 90 24 49 29 86 
32 33 69 60 56 54 50 80 43 48 4 70 90 75 3 64 58 74 82 14 2 1 46 22 55 38 61 97 10 15 53 42 66 31 24 62 77 16 25 47 30 96 36 41 94 7 86 13 87 63 57 92 81 78 79 67 84 37 26 11 45 91 19 68 71 98 6 88 9 49 35 39 29 28 20 40 27 73 85 83 34 59 17 23 51 44 76 99 5 21 65 18 72 12 89 93 52 95 8 100 
34 35 61 58 40 4 41 24 94 16 54 49 85 93 86 12 81 44 77 45 76 6 28 50 88 42 23 100 37 29 47 3 5 51 90 32 8 21 17 74 87 10 22 7 80 75 83 70 1 15 62 57 25 63 84 39 91 33 48 55 46 66 30 67 73 9 36 99 11 18 13 97 71 52 38 96 14 65 26 31 59 68 95 64 20 60 82 19 79 89 43 2 56 98 27 69 53 92 72 78 
77 15 8 71 70 34 5 9 79 53 96 30 87 63 49 72 22 61 66 58 99 55 7 46 62 73 59 68 11 86 47 29 2 74 26 69 43 37 42 48 80 98 27 44 36 38 54 18 1 32 17 35 75 23 82 95 3 81 19 16 93 88 85 51 92 10 40 100 20 60 56 64 78 25 4 97 21 13 12 41 45 67 6 24 91 83 84 50 89 33 65 14 52 28 76 57 39 31 90 94 
40 50 21 76 10 56 60 78 66 13 52 98 26 92 3 80 96 49 53 51 86 7 41 46 43 19 20 54 57 32 88 91 14 8 97 15 65 48 37 18 16 36 5 87 24 85 12 64 45 23 59 61 17 90 62 77 9 100 38 68 27 72 79 1 81 44 84 99 22 11 93 33 70 39 83 34 35 6 47 74 29 67 73 58 25 42 94 63 4 31 75 28 95 89 71 30 69 82 2 55 
23 46 1 61 36 39 99 51 32 77 42 76 26 47 13 89 83 49 3 60 94 9 15 14 28 72 50 74 65 52 21 24 25 69 79 68 35 27 37 93 80 10 56 17 48 71 38 63 54 70 95 19 58 67 30 31 12 55 100 82 6 4 44 87 91 8 98 43 7 78 59 2 90 20 62 64 33 92 45 66 86 88 73 29 85 41 53 11 22 5 40 84 97 75 57 81 34 96 18 16 
77 29 95 17 61 83 22 35 3 7 47 84 32 25 66 14 46 34 99 86 8 2 78 85 24 16 73 57 51 70 37 43 5 69 88 55 6 12 40 30 62 15 60 79 21 90 26 9 53 94 45 33 1 18 56 42 13 93 89 10 39 19 20 97 23 31 27 63 98 64 44 54 49 38 4 68 58 11 74 50 71 52 87 67 36 92 100 80 28 82 41 59 96 48 81 72 65 91 75 76 
