47 14 96 33 10 17 7 51 31 64 52 89 42 53 59 76 73 13 56 36 39 5 66 94 15 92 34 67 22 77 61 50 23 81 2 38 20 9974 29 9 75 91 79 37 78 98 30 41 62 12 18 27 49 19 82 63 1 21 85 57 69 84 24 6 25 48 35 16 3 60 0 46 44 68 72 40 4 86 88 95 83 70 8 55 80 65 45 32 93 97 26 90 87 54 11 71 43 28 58 
92 41 46 93 16 18 7 26 42 47 53 54 69 19 29 51 9 66 40 86 12 32 49 64 17 45 56 60 67 0 23 55 82 25 31 39 50 57 72 79 87 89 95 20 21 24 30 48 58 10 62 71 96 35 73 88 97 6 14 34 75 94 98 8 27 33 37 38 44 80 85 3 4 22 28 43 59 83 11 78 81 90 63 65 5 13 76 84 9952 15 91 1 77 61 74 36 68 2 70 
0 7 9 12 16 17 18 19 20 21 23 24 25 26 29 30 31 32 39 40 41 42 45 46 47 48 49 50 51 53 54 55 56 57 58 60 64 66 67 69 72 79 82 86 87 89 92 93 95 1 2 3 4 5 6 8 10 11 13 14 15 22 27 28 33 34 35 36 37 38 43 44 52 59 61 62 63 65 68 70 71 73 74 75 76 77 78 80 81 83 84 85 88 90 91 94 96 97 98 99
60 50 78 65 58 7 17 35 3 48 59 74 43 77 57 46 0 18 32 37 73 55 80 71 4 33 61 82 53 6 27 22 70 81 95 96 19 67 21 86 63 25 47 49 92 64 89 40 84 66 68 94 45 11 28 26 24 38 2 31 69 14 34 29 20 1 72 13 52 10 54 56 12 5 76 83 42 44 98 79 75 97 88 51 90 9 93 23 15 87 8 39 30 16 85 36 41 9991 62 
88 66 5 87 1 15 96 57 62 11 28 46 71 14 34 77 31 68 85 91 21 26 64 72 33 59 65 74 0 22 58 78 95 98 13 39 41 67 84 94 2 9 12 20 61 82 93 10 23 45 51 60 79 86 27 29 48 50 69 90 6 18 30 38 52 53 9919 32 44 75 83 63 43 55 73 97 7 24 25 56 40 81 89 16 35 47 49 54 70 36 80 8 76 17 37 92 3 4 42 
0 1 2 5 9 11 12 13 14 15 20 21 22 26 28 31 33 34 39 41 46 57 58 59 61 62 64 65 66 67 68 71 72 74 77 78 82 84 85 87 88 91 93 94 95 96 98 3 4 6 7 8 10 16 17 18 19 23 24 25 27 29 30 32 35 36 37 38 40 42 43 44 45 47 48 49 50 51 52 53 54 55 56 60 63 69 70 73 75 76 79 80 81 83 86 89 90 92 97 99
57 25 68 11 23 73 52 81 0 17 86 26 92 28 45 7 65 51 14 20 64 72 82 2 36 67 9 58 16 19 8 83 27 47 1 79 48 77 39 12 30 76 3 18 87 90 50 31 10 85 33 53 69 46 95 43 29 5 93 15 40 56 60 66 74 78 996 54 61 24 41 97 71 62 84 91 34 13 22 89 70 49 21 96 4 98 38 88 55 63 32 59 44 42 75 80 35 94 37 
74 7 64 13 25 29 39 86 2 60 75 90 8 32 43 65 70 83 19 72 78 81 5 17 55 91 95 6 18 68 82 89 23 27 57 97 9912 24 62 63 67 76 88 11 15 46 79 84 3 35 48 50 51 73 10 26 30 34 44 53 59 80 96 9 21 61 38 40 41 45 36 52 87 93 1 54 66 92 94 98 71 85 20 49 4 14 16 42 47 31 37 33 56 58 69 28 22 77 0 
2 5 6 7 8 11 12 13 15 17 18 19 23 24 25 27 29 32 39 43 46 55 57 60 62 63 64 65 67 68 70 72 74 75 76 78 79 81 82 83 84 86 88 89 90 91 95 97 990 1 3 4 9 10 14 16 20 21 22 26 28 30 31 33 34 35 36 37 38 40 41 42 44 45 47 48 49 50 51 52 53 54 56 58 59 61 66 69 71 73 77 80 85 87 92 93 94 96 98 
20 88 27 28 59 29 78 33 89 7 26 2 53 23 47 65 75 48 98 94 57 95 8 62 14 46 21 41 22 72 92 0 81 10 50 63 49 85 56 1 40 64 54 55 9 52 83 69 38 43 61 84 51 45 30 31 24 90 66 91 34 60 15 11 6 16 18 44 70 76 17 9925 12 86 77 4 58 36 19 13 3 74 67 80 93 37 39 32 79 68 82 73 35 5 97 42 87 71 96 
33 50 96 9951 81 29 53 75 95 13 28 38 58 16 17 47 62 40 46 65 72 37 41 86 21 66 91 11 19 23 36 39 42 76 0 20 25 35 45 49 60 61 78 2 10 24 31 80 84 1 14 82 98 18 48 52 67 69 71 79 7 27 44 57 70 87 88 90 9 12 43 55 93 74 3 83 4 77 89 5 22 54 59 63 85 6 15 26 32 68 8 97 94 92 64 34 30 73 56 
0 2 10 11 13 16 17 19 20 21 23 24 25 28 29 31 33 35 36 37 38 39 40 41 42 45 46 47 49 50 51 53 58 60 61 62 65 66 72 75 76 78 80 81 84 86 91 95 96 991 3 4 5 6 7 8 9 12 14 15 18 22 26 27 30 32 34 43 44 48 52 54 55 56 57 59 63 64 67 68 69 70 71 73 74 77 79 82 83 85 87 88 89 90 92 93 94 97 98 
75 26 24 64 19 88 68 8 47 20 59 7 28 53 1 14 73 51 50 94 21 25 12 86 66 79 40 87 72 95 36 43 23 18 44 78 70 74 16 9 35 45 42 60 69 61 9962 46 71 77 30 52 81 0 39 83 4 93 32 38 22 85 34 80 89 11 92 84 15 41 76 56 82 90 31 27 54 67 10 55 65 49 57 3 97 37 91 48 63 5 58 17 98 6 2 29 96 13 33 
56 30 62 17 79 1 5 15 20 34 43 77 6 94 73 8 25 44 81 97 22 95 12 49 23 51 53 59 64 65 66 68 69 82 86 11 19 47 52 84 87 0 10 21 70 75 92 93 96 29 13 85 2 18 40 76 90 7 24 26 31 45 55 61 28 50 78 38 4 32 33 46 67 74 88 91 14 16 27 36 37 54 72 83 98 63 3 58 9 39 80 89 9941 35 42 57 60 48 71 
0 1 5 6 8 10 11 12 15 17 19 20 21 22 23 25 29 30 34 43 44 47 49 51 52 53 56 59 62 64 65 66 68 69 70 73 75 77 79 81 82 84 86 87 92 93 94 95 96 97 2 3 4 7 9 13 14 16 18 24 26 27 28 31 32 33 35 36 37 38 39 40 41 42 45 46 48 50 54 55 57 58 60 61 63 67 71 72 74 76 78 80 83 85 88 89 90 91 98 99
18 24 76 73 86 71 45 1 13 74 98 62 67 72 3 57 23 26 35 34 17 39 56 28 50 5 66 46 21 77 60 89 10 30 16 70 36 0 75 47 78 40 91 54 82 53 6 4 97 64 68 20 58 27 83 37 44 88 29 93 19 15 85 33 80 59 22 90 7 55 31 14 61 87 79 96 42 81 69 63 92 84 9925 65 95 48 32 43 2 8 52 41 94 9 38 49 12 11 51 
59 88 17 42 26 31 56 2 79 94 7 16 22 97 98 34 36 46 47 92 24 37 65 77 78 86 81 15 29 32 39 62 1 3 67 72 83 38 51 14 49 61 66 70 87 89 90 5 20 28 35 95 6 23 33 41 57 13 55 4 10 18 27 40 45 50 58 8 11 21 44 54 60 64 69 91 96 71 80 74 82 84 85 43 75 52 63 9993 73 76 0 30 48 53 68 9 25 12 19 
1 2 3 7 14 15 16 17 22 24 26 29 31 32 34 36 37 38 39 42 46 47 49 51 56 59 61 62 65 66 67 70 72 77 78 79 81 83 86 87 88 89 90 92 94 97 98 0 4 5 6 8 9 10 11 12 13 18 19 20 21 23 25 27 28 30 33 35 40 41 43 44 45 48 50 52 53 54 55 57 58 60 63 64 68 69 71 73 74 75 76 80 82 84 85 91 93 95 96 99
52 17 7 54 76 49 32 30 19 3 37 9989 18 0 65 27 97 42 56 69 41 48 98 22 21 66 29 16 81 51 93 26 25 79 91 24 82 71 58 83 67 86 43 23 59 73 20 53 6 39 85 72 84 8 12 88 34 40 31 2 75 38 60 64 55 9 28 46 1 80 4 44 33 96 95 10 35 63 68 13 94 14 74 62 36 90 5 92 11 77 87 15 61 50 78 47 57 45 70 
5 48 49 11 30 64 95 66 36 67 80 42 1 22 13 15 31 38 57 58 63 65 71 6 26 29 51 61 85 8 45 53 72 98 3 23 24 70 84 19 54 56 68 91 14 16 75 96 25 34 39 77 82 88 0 27 50 52 62 81 93 94 9 20 32 76 89 17 43 79 37 83 21 33 41 69 86 87 59 74 12 44 47 55 92 40 73 4 7 28 9910 46 18 90 97 35 2 78 60 
1 3 5 6 8 11 13 14 15 16 19 22 23 24 26 29 30 31 36 38 42 45 48 49 51 53 54 56 57 58 61 63 64 65 66 67 68 70 71 72 75 80 84 85 91 95 96 98 0 2 4 7 9 10 12 17 18 20 21 25 27 28 32 33 34 35 37 39 40 41 43 44 46 47 50 52 55 59 60 62 69 73 74 76 77 78 79 81 82 83 86 87 88 89 90 92 93 94 97 99
40 61 84 98 17 44 57 34 46 52 70 65 79 62 30 21 49 19 92 90 36 20 89 69 74 33 54 42 68 13 9985 94 28 82 78 35 32 77 11 97 87 9 55 7 2 16 37 45 51 18 66 95 14 43 39 75 59 29 81 27 26 86 4 22 1 73 71 47 23 80 56 31 88 67 8 72 96 24 91 6 83 10 3 41 76 64 0 63 5 53 15 25 58 38 93 12 48 60 50 
28 48 65 81 46 63 64 4 23 33 62 52 96 9912 21 72 93 95 97 83 89 43 47 51 58 59 68 78 29 71 84 92 60 77 2 26 41 45 76 87 8 67 35 53 54 55 57 69 85 98 3 11 15 39 74 86 24 27 34 79 90 0 40 49 82 91 18 30 61 80 94 1 5 36 37 38 56 70 6 13 17 50 88 66 10 16 32 44 73 7 14 19 20 25 9 31 42 75 22 
2 4 8 12 21 23 26 28 29 33 41 43 45 46 47 48 51 52 58 59 60 62 63 64 65 67 68 71 72 76 77 78 81 83 84 87 89 92 93 95 96 97 990 1 3 5 6 7 9 10 11 13 14 15 16 17 18 19 20 22 24 25 27 30 31 32 34 35 36 37 38 39 40 42 44 49 50 53 54 55 56 57 61 66 69 70 73 74 75 79 80 82 85 86 88 90 91 94 98 
38 64 22 15 97 92 66 30 62 75 42 77 31 3 88 72 84 37 29 4 54 98 45 1 74 94 71 44 26 57 68 87 18 49 9 50 34 21 28 24 40 81 53 43 6 67 9932 78 11 96 25 27 91 2 70 93 10 90 80 33 95 58 5 16 0 17 82 61 85 56 51 7 46 89 48 8 83 19 52 60 41 20 79 69 73 12 36 13 76 47 86 39 14 59 23 65 55 63 35 
56 1 18 25 37 0 49 60 5 13 17 32 39 86 92 9 26 64 84 7 11 23 29 44 10 20 88 43 89 40 50 55 59 72 79 63 74 77 80 83 96 4 8 27 38 57 69 34 54 82 98 3 46 61 62 70 71 93 19 22 31 35 47 51 91 30 85 42 87 90 97 14 24 28 53 58 81 94 9912 21 66 95 15 45 65 68 76 36 48 73 6 75 2 67 78 33 52 16 41 
0 1 4 5 7 8 9 10 11 13 17 18 20 23 25 26 27 29 32 34 37 38 39 40 43 44 49 50 54 55 56 57 59 60 63 64 69 72 74 77 79 80 82 83 84 86 88 89 92 96 98 2 3 6 12 14 15 16 19 21 22 24 28 30 31 33 35 36 41 42 45 46 47 48 51 52 53 58 61 62 65 66 67 68 70 71 73 75 76 78 81 85 87 90 91 93 94 95 97 99
29 60 46 70 54 84 82 71 23 56 4 32 48 88 49 89 85 26 24 75 18 67 61 40 5 90 27 28 93 6 62 13 30 65 0 19 94 42 999 38 22 1 81 98 86 57 16 52 12 43 53 41 21 97 51 92 50 76 58 47 74 64 44 33 45 11 17 20 87 39 55 37 80 31 91 8 7 66 35 72 77 15 3 96 36 2 95 63 78 69 10 73 25 34 14 59 79 83 68 
62 65 998 60 67 2 22 33 41 15 44 74 90 9 51 82 14 26 40 54 77 4 43 56 68 72 25 36 46 47 49 95 98 11 20 37 45 52 12 17 57 87 89 27 29 66 85 1 10 16 84 94 30 32 39 88 21 42 81 28 50 53 73 75 76 80 91 93 31 38 83 6 3 5 35 58 63 64 70 78 86 13 19 79 92 97 59 61 69 0 18 23 24 7 96 34 48 55 71 
2 4 8 9 11 12 14 15 17 20 22 25 26 27 29 33 36 37 40 41 43 44 45 46 47 49 51 52 54 56 57 60 62 65 66 67 68 72 74 77 82 85 87 89 90 95 98 990 1 3 5 6 7 10 13 16 18 19 21 23 24 28 30 31 32 34 35 38 39 42 48 50 53 55 58 59 61 63 64 69 70 71 73 75 76 78 79 80 81 83 84 86 88 91 92 93 94 96 97 
60 62 75 13 45 15 2 63 77 37 33 65 71 58 5 88 11 70 47 55 66 48 83 30 80 31 28 6 95 7 44 84 79 23 46 40 53 85 59 96 90 86 20 0 35 19 9 25 74 49 56 57 24 36 29 3 69 26 73 38 64 34 67 97 32 39 42 52 14 8 41 72 16 87 91 1 4 98 78 89 76 18 81 92 12 9951 10 61 21 82 93 94 43 17 68 27 22 54 50 
60 66 57 39 69 76 1 5 13 14 9934 74 93 95 7 23 36 47 98 16 8 20 45 49 4 78 9 12 17 21 53 62 65 72 46 63 80 89 24 27 38 59 73 88 90 0 6 10 19 25 44 55 96 15 33 42 52 61 79 85 31 32 70 92 94 28 51 56 2 50 58 68 75 83 97 40 41 18 30 48 67 84 86 3 37 54 22 82 91 11 29 43 71 87 77 35 64 26 81 
1 4 5 7 8 9 12 13 14 16 17 20 21 23 24 27 34 36 38 39 45 46 47 49 53 57 59 60 62 63 65 66 69 72 73 74 76 78 80 88 89 90 93 95 98 990 2 3 6 10 11 15 18 19 22 25 26 28 29 30 31 32 33 35 37 40 41 42 43 44 48 50 51 52 54 55 56 58 61 64 67 68 70 71 75 77 79 81 82 83 84 85 86 87 91 92 94 96 97 
5 52 6 14 97 8 34 19 48 78 81 15 37 44 72 33 75 40 24 28 49 42 9922 94 71 25 68 93 9 13 82 57 23 67 59 76 90 50 47 60 65 38 36 61 70 2 77 46 32 0 58 17 92 31 98 54 63 69 27 10 73 21 79 86 3 30 35 18 4 66 80 84 55 43 74 91 56 7 87 11 88 1 53 20 26 29 96 39 51 62 95 16 45 89 41 85 12 83 64 
43 44 35 47 90 46 77 85 68 93 25 76 28 58 5 6 22 36 55 67 3 18 26 49 98 24 45 50 78 79 14 38 54 74 10 40 42 57 66 80 8 9 12 59 70 75 83 7 15 19 20 39 41 53 65 2 29 31 87 95 0 89 96 73 82 11 32 52 64 69 1 34 37 51 56 60 62 86 91 4 48 61 84 92 94 21 27 30 81 23 33 72 88 9971 13 16 97 63 17 
3 5 6 8 9 10 12 14 18 22 24 25 26 28 35 36 38 40 42 43 44 45 46 47 49 50 54 55 57 58 59 66 67 68 70 74 75 76 77 78 79 80 83 85 90 93 98 0 1 2 4 7 11 13 15 16 17 19 20 21 23 27 29 30 31 32 33 34 37 39 41 48 51 52 53 56 60 61 62 63 64 65 69 71 72 73 81 82 84 86 87 88 89 91 92 94 95 96 97 99
67 40 63 33 47 7 11 3 34 55 12 91 70 95 50 75 97 45 18 76 27 36 28 43 56 94 90 39 59 38 32 58 62 60 65 21 26 88 44 20 8 84 79 71 66 23 4 16 46 15 5 85 69 82 52 37 93 61 41 48 72 77 98 22 17 1 14 51 29 81 49 83 74 53 64 54 35 9919 57 25 31 24 30 9 6 86 89 0 92 80 13 87 73 96 42 68 78 10 2 
16 93 94 87 3 63 70 59 67 77 20 36 37 28 68 26 29 35 40 43 55 32 39 58 2 9 27 30 41 47 96 1 22 56 78 51 49 50 65 69 76 82 83 98 44 62 64 73 88 21 61 66 75 97 8 19 24 46 57 86 92 10 23 52 54 80 38 60 84 9911 0 5 12 17 34 53 85 15 42 4 31 33 72 95 79 90 48 7 13 18 45 74 91 14 25 89 81 6 71 
1 2 3 9 16 20 22 26 27 28 29 30 32 35 36 37 39 40 41 43 44 47 49 50 51 55 56 58 59 62 63 64 65 67 68 69 70 73 76 77 78 82 83 87 88 93 94 96 98 0 4 5 6 7 8 10 11 12 13 14 15 17 18 19 21 23 24 25 31 33 34 38 42 45 46 48 52 53 54 57 60 61 66 71 72 74 75 79 80 81 84 85 86 89 90 91 92 95 97 99
33 53 39 34 77 94 15 78 21 86 45 37 35 75 44 65 23 61 20 57 26 51 47 6 62 97 89 67 79 43 91 70 17 13 14 74 90 59 29 19 69 31 68 72 25 95 10 32 8 27 36 96 40 38 66 42 71 87 92 93 0 24 3 7 12 52 9918 58 46 50 30 55 49 28 9 83 81 88 64 2 4 60 54 82 16 56 48 63 98 5 84 76 11 85 80 41 22 73 1 
75 80 31 82 69 34 49 23 32 78 64 95 89 5 18 33 55 60 76 22 35 58 59 84 1 11 48 65 70 93 25 26 63 81 88 10 42 2 9 15 36 39 40 0 3 17 27 85 998 13 29 37 41 79 94 16 19 30 45 52 72 73 83 86 87 6 14 38 54 57 74 4 7 77 21 24 61 66 28 43 47 71 62 90 91 97 50 51 53 46 96 20 56 92 12 67 98 68 44 
1 2 5 9 10 11 15 18 22 23 25 26 31 32 33 34 35 36 39 40 42 48 49 55 58 59 60 63 64 65 69 70 75 76 78 80 81 82 84 88 89 93 95 0 3 4 6 7 8 12 13 14 16 17 19 20 21 24 27 28 29 30 37 38 41 43 44 45 46 47 50 51 52 53 54 56 57 61 62 66 67 68 71 72 73 74 77 79 83 85 86 87 90 91 92 94 96 97 98 99
58 12 13 85 59 33 60 94 38 3 20 89 15 42 32 17 45 72 36 10 62 55 53 91 34 74 35 80 76 39 90 41 16 57 44 63 11 75 79 22 65 14 61 78 64 0 18 37 40 4 88 68 30 8 31 67 86 77 47 66 52 19 97 84 87 9 21 25 69 7 56 46 98 73 70 49 71 28 81 43 50 82 83 27 5 93 24 6 51 54 29 1 92 95 48 2 96 9926 23 
13 24 40 18 66 55 69 17 87 58 70 25 37 61 9 19 43 46 31 45 67 68 1 5 33 50 60 71 82 7 10 54 73 85 97 15 21 35 42 79 26 38 80 47 78 0 16 63 20 27 23 28 29 32 56 62 75 77 81 86 90 8 41 64 74 83 30 44 52 95 57 76 84 92 96 98 12 22 65 91 93 2 3 14 49 94 4 89 11 39 59 48 51 53 34 996 72 88 36 
1 5 7 9 10 13 15 17 18 19 21 24 25 26 31 33 35 37 38 40 42 43 45 46 47 50 54 55 58 60 61 66 67 68 69 70 71 73 78 79 80 82 85 87 97 0 2 3 4 6 8 11 12 14 16 20 22 23 27 28 29 30 32 34 36 39 41 44 48 49 51 52 53 56 57 59 62 63 64 65 72 74 75 76 77 81 83 84 86 88 89 90 91 92 93 94 95 96 98 99
28 96 55 73 83 21 53 20 48 87 72 29 46 52 41 50 67 40 74 5 42 51 6 60 58 36 89 63 4 7 77 31 82 75 38 84 37 92 59 57 97 11 19 15 62 64 90 12 91 30 68 35 43 76 44 94 22 66 88 32 70 49 47 69 54 1 8 16 81 79 80 10 95 56 18 13 17 25 65 85 23 27 3 78 93 9 39 0 45 98 24 9961 34 71 14 33 2 26 86 
21 72 54 52 47 11 4 80 97 23 62 81 87 7 26 59 70 86 13 88 61 75 48 78 19 36 57 24 33 60 85 95 2 14 22 25 34 44 64 82 96 0 6 31 42 46 17 41 50 998 18 45 66 68 27 37 43 55 65 73 98 1 16 20 89 51 74 90 94 12 15 38 40 58 63 30 69 92 29 32 53 84 67 76 83 5 9 28 39 93 35 56 71 79 91 49 3 10 77 
0 2 4 6 7 11 13 14 19 21 22 23 24 25 26 31 33 34 36 42 44 46 47 48 52 54 57 59 60 61 62 64 70 72 75 78 80 81 82 85 86 87 88 95 96 97 1 3 5 8 9 10 12 15 16 17 18 20 27 28 29 30 32 35 37 38 39 40 41 43 45 49 50 51 53 55 56 58 63 65 66 67 68 69 71 73 74 76 77 79 83 84 89 90 91 92 93 94 98 99
49 80 9 59 78 10 77 98 89 97 90 88 21 57 79 70 91 1 73 29 71 28 85 75 33 68 69 66 61 17 14 42 67 9981 48 62 13 23 65 74 12 94 52 37 27 2 36 32 93 11 72 7 41 19 63 95 39 4 18 55 50 45 87 44 58 30 82 60 96 40 53 83 26 3 22 38 31 64 76 15 20 47 43 54 51 86 25 8 46 6 16 0 92 35 56 5 24 84 34 
24 11 14 6 88 68 70 17 26 53 71 77 76 1 89 94 98 15 7 33 67 69 4 13 45 91 95 28 38 42 51 79 82 22 86 29 60 78 97 2 10 30 44 50 57 63 64 81 83 0 31 47 49 54 75 84 85 96 3 20 48 9918 21 25 36 37 41 52 73 34 39 72 9 19 55 62 92 5 32 40 93 59 8 23 46 65 66 87 90 35 43 16 27 74 12 58 61 56 80 
1 2 4 6 7 10 11 13 14 15 17 22 24 26 28 29 30 33 38 42 44 45 50 51 53 57 60 63 64 67 68 69 70 71 76 77 78 79 81 82 83 86 88 89 91 94 95 97 98 0 3 5 8 9 12 16 18 19 20 21 23 25 27 31 32 34 35 36 37 39 40 41 43 46 47 48 49 52 54 55 56 58 59 61 62 65 66 72 73 74 75 80 84 85 87 90 92 93 96 99
82 70 18 43 49 35 37 67 36 78 13 24 14 63 40 5 94 89 72 22 50 9 39 53 30 56 91 75 11 29 3 97 76 98 55 52 1 23 51 2 77 0 87 65 69 64 93 84 16 28 7 92 83 81 25 44 54 8 95 66 47 45 62 96 4 26 9971 57 90 10 33 38 74 17 21 48 88 20 41 12 86 19 46 15 60 80 34 27 31 42 79 59 68 32 61 85 6 58 73 
53 30 84 21 74 80 49 69 14 81 26 75 97 19 38 90 48 54 24 40 71 5 35 44 55 62 70 89 92 93 95 10 23 77 85 15 33 61 76 98 12 18 57 60 82 83 3 13 72 2 27 64 88 91 96 22 41 47 59 87 7 8 16 29 46 52 4 11 36 43 63 65 86 94 9917 25 45 56 66 20 37 58 79 42 78 1 32 39 73 6 0 9 34 68 67 28 50 31 51 
3 5 10 12 13 14 15 18 19 21 23 24 26 30 33 35 38 40 44 48 49 53 54 55 57 60 61 62 69 70 71 72 74 75 76 77 80 81 82 83 84 85 89 90 92 93 95 97 98 0 1 2 4 6 7 8 9 11 16 17 20 22 25 27 28 29 31 32 34 36 37 39 41 42 43 45 46 47 50 51 52 56 58 59 63 64 65 66 67 68 73 78 79 86 87 88 91 94 96 99
95 68 85 79 54 53 64 11 31 9 90 52 77 62 81 93 87 27 91 59 72 84 26 92 66 94 80 63 97 48 58 14 12 47 8 24 39 38 37 21 43 78 4 86 19 2 9973 17 7 70 75 96 33 10 42 51 22 13 83 16 74 50 15 23 34 61 45 46 98 89 29 5 32 6 44 49 55 69 20 18 40 67 35 88 57 0 28 25 36 71 30 1 41 60 56 3 65 76 82 
87 96 55 52 4 10 53 77 91 40 45 6 17 29 30 47 69 59 92 97 32 61 76 95 98 46 62 89 2 23 26 81 83 991 15 27 44 49 65 67 70 75 84 86 66 78 7 11 20 37 38 68 79 90 8 41 50 54 80 18 28 51 56 58 71 16 25 72 73 93 34 48 60 24 39 57 63 14 31 43 74 94 0 13 64 85 22 33 12 82 5 9 19 21 35 36 88 3 42 
1 2 4 6 10 15 17 23 26 27 29 30 32 40 44 45 46 47 49 52 53 55 59 61 62 65 66 67 69 70 75 76 77 78 81 83 84 86 87 89 91 92 95 96 97 98 990 3 5 7 8 9 11 12 13 14 16 18 19 20 21 22 24 25 28 31 33 34 35 36 37 38 39 41 42 43 48 50 51 54 56 57 58 60 63 64 68 71 72 73 74 79 80 82 85 88 90 93 94 
74 51 21 81 40 18 95 48 72 62 63 56 2 17 0 96 3 34 79 59 57 14 84 9967 12 44 49 64 24 32 76 80 7 15 58 52 65 94 93 92 33 1 68 28 22 82 25 70 27 91 98 4 35 38 71 41 37 53 23 13 5 45 42 54 26 86 8 83 9 6 66 88 46 69 11 87 61 97 55 31 50 47 29 19 39 75 73 43 85 60 78 20 30 77 90 89 16 36 10 
64 16 58 39 26 67 80 9953 63 27 59 76 0 33 70 94 5 89 90 1 9 30 40 73 14 83 87 92 11 21 46 71 86 19 22 23 38 57 66 84 18 24 34 47 65 10 17 41 48 55 81 97 98 3 8 13 31 32 42 45 62 79 95 96 28 44 49 82 6 7 74 85 93 29 43 54 56 88 91 2 4 15 68 61 37 72 75 78 60 77 35 20 52 69 12 36 50 51 25 
0 1 5 9 11 14 16 18 19 21 22 23 24 26 27 30 33 34 38 39 40 46 47 53 57 58 59 63 64 65 66 67 70 71 73 76 80 83 84 86 87 89 90 92 94 992 3 4 6 7 8 10 12 13 15 17 20 25 28 29 31 32 35 36 37 41 42 43 44 45 48 49 50 51 52 54 55 56 60 61 62 68 69 72 74 75 77 78 79 81 82 85 88 91 93 95 96 97 98 
71 77 70 74 0 33 34 78 11 38 28 45 98 50 6 59 7 44 52 88 94 1 46 90 92 96 68 48 80 81 55 87 24 19 65 75 9 18 10 91 72 86 84 73 69 76 25 95 13 97 56 53 89 23 79 9949 31 47 66 41 22 4 26 27 82 83 54 58 2 85 32 36 29 12 5 60 40 37 35 57 51 30 15 17 43 63 64 93 42 20 67 39 61 62 14 3 16 21 8 
61 79 9980 65 88 7 29 66 35 41 42 68 71 33 11 38 45 52 56 74 76 22 34 51 84 93 53 94 5 27 54 90 13 16 23 50 64 81 39 55 60 37 72 87 30 46 85 2 6 15 44 69 70 78 97 47 59 82 9 20 21 26 49 63 83 3 25 40 75 91 1 8 24 28 36 57 12 17 19 73 43 58 98 14 31 67 89 92 32 95 0 4 10 18 62 77 48 86 96 
5 7 11 13 16 22 23 27 29 33 34 35 37 38 39 41 42 45 50 51 52 53 54 55 56 60 61 64 65 66 68 71 72 74 76 79 80 81 84 87 88 90 93 94 990 1 2 3 4 6 8 9 10 12 14 15 17 18 19 20 21 24 25 26 28 30 31 32 36 40 43 44 46 47 48 49 57 58 59 62 63 67 69 70 73 75 77 78 82 83 85 86 89 91 92 95 96 97 98 
10 98 81 86 52 65 48 5 92 34 76 45 61 29 97 55 26 57 84 62 78 64 85 80 63 95 36 89 18 41 82 96 3 1 21 54 12 15 0 25 7 77 8 94 58 59 87 46 70 6 17 79 90 19 39 50 47 43 30 24 49 9940 44 20 56 67 9 42 71 51 35 28 22 93 83 66 91 68 4 16 31 73 13 38 2 74 23 14 27 75 69 11 33 37 60 32 88 72 53 
83 54 37 42 32 6 7 19 25 68 87 55 60 76 92 13 27 1 22 34 45 81 3 11 23 61 97 4 18 44 49 65 88 94 36 52 58 69 71 95 5 29 31 84 9910 21 24 77 12 30 51 62 63 66 78 79 90 8 15 41 64 70 74 75 0 35 50 53 2 33 46 67 80 16 57 72 85 17 26 96 14 38 47 48 73 86 28 39 43 56 89 98 40 59 93 91 82 20 9 
1 3 4 5 6 7 11 13 18 19 22 23 25 27 29 31 32 34 36 37 42 44 45 49 52 54 55 58 60 61 65 68 69 71 76 81 83 84 87 88 92 94 95 97 990 2 8 9 10 12 14 15 16 17 20 21 24 26 28 30 33 35 38 39 40 41 43 46 47 48 50 51 53 56 57 59 62 63 64 66 67 70 72 73 74 75 77 78 79 80 82 85 86 89 90 91 93 96 98 
3 48 98 96 33 87 58 65 22 40 44 62 6 43 59 0 5 11 36 66 72 50 8 61 51 76 80 53 94 31 75 69 12 56 27 26 45 24 64 52 83 13 17 46 86 90 32 91 63 37 92 67 34 81 57 1 93 79 55 18 19 16 88 39 41 47 84 82 30 2 77 74 7 4 78 60 85 54 21 70 73 35 95 29 28 15 71 14 9942 20 97 23 9 49 10 25 38 89 68 
98 46 10 33 51 58 76 92 19 39 57 21 27 36 54 83 15 43 69 95 34 11 18 6 7 75 23 35 44 2 17 22 26 29 37 53 63 68 71 79 91 20 47 96 4 13 30 31 61 88 89 9938 42 56 65 66 64 78 8 14 77 40 74 86 5 82 90 3 32 45 85 0 12 24 25 28 50 60 73 94 97 72 87 41 59 9 16 1 48 62 67 70 84 55 80 81 49 93 52 
2 4 6 7 10 11 13 15 17 18 19 20 21 22 23 26 27 29 30 31 33 34 35 36 37 39 43 44 46 47 51 53 54 57 58 61 63 68 69 71 75 76 79 83 88 89 91 92 95 96 98 990 1 3 5 8 9 12 14 16 24 25 28 32 38 40 41 42 45 48 49 50 52 55 56 59 60 62 64 65 66 67 70 72 73 74 77 78 80 81 82 84 85 86 87 90 93 94 97 
44 23 3 68 39 20 89 51 49 19 0 38 75 21 26 37 45 64 1 56 32 24 59 98 91 50 71 74 7 28 43 9 36 77 35 84 72 55 47 81 76 86 34 48 57 12 58 9911 14 6 46 92 4 25 88 95 83 41 27 70 5 54 15 66 85 18 79 80 67 42 97 61 90 40 78 87 22 94 69 30 33 62 65 29 53 63 8 10 16 82 52 31 73 96 2 93 60 13 17 
86 15 52 35 47 73 23 27 40 75 31 61 0 2 19 67 24 89 8 90 34 53 58 64 20 38 26 68 79 17 66 9939 42 65 71 76 13 45 69 85 91 97 57 63 72 84 94 1 5 10 28 33 81 82 16 22 25 30 51 83 87 11 32 36 49 54 56 59 70 37 44 48 62 80 98 46 74 95 4 7 29 41 60 6 14 55 92 96 9 12 43 78 88 3 50 77 21 93 18 
0 2 8 13 15 17 19 20 23 24 26 27 31 34 35 38 39 40 42 45 47 52 53 58 61 64 65 66 67 68 69 71 73 75 76 79 85 86 89 90 91 97 991 3 4 5 6 7 9 10 11 12 14 16 18 21 22 25 28 29 30 32 33 36 37 41 43 44 46 48 49 50 51 54 55 56 57 59 60 62 63 70 72 74 77 78 80 81 82 83 84 87 88 92 93 94 95 96 98 
89 45 76 83 57 87 2 85 62 32 60 13 37 30 40 48 14 91 64 98 33 34 86 29 72 26 67 25 71 19 8 97 21 65 38 84 27 63 28 35 20 15 23 42 43 77 61 79 6 96 44 88 92 1 9941 55 46 17 24 56 70 93 18 39 90 81 68 7 50 0 51 3 10 80 59 47 75 53 36 52 78 16 66 54 69 9 73 12 11 74 82 95 58 4 5 49 31 94 22 
18 74 13 81 83 6 59 64 87 23 42 21 62 90 96 3 9 41 80 82 55 68 20 24 26 85 29 30 38 46 78 27 31 70 95 4 79 98 12 16 51 58 88 93 9971 75 86 11 39 45 49 52 66 76 91 2 22 63 0 8 10 32 37 53 54 92 97 17 36 40 57 61 69 7 15 19 25 34 35 72 84 48 89 1 14 67 43 50 56 77 33 44 60 5 28 65 94 47 73 
3 4 6 9 12 13 16 18 20 21 23 24 26 27 29 30 31 38 41 42 46 51 55 58 59 62 64 68 70 74 78 79 80 81 82 83 85 87 88 90 93 95 96 98 990 1 2 5 7 8 10 11 14 15 17 19 22 25 28 32 33 34 35 36 37 39 40 43 44 45 47 48 49 50 52 53 54 56 57 60 61 63 65 66 67 69 71 72 73 75 76 77 84 86 89 91 92 94 97 
45 76 17 61 44 90 79 95 15 19 43 42 31 94 1 81 46 18 64 34 57 30 9 86 78 29 38 16 39 35 96 74 49 65 52 72 58 24 54 80 85 8 36 84 73 89 59 48 71 10 88 25 55 6 87 5 92 4 37 997 33 97 11 22 62 21 2 63 13 47 53 20 27 41 91 60 12 51 69 75 28 68 98 77 93 82 14 50 70 23 3 83 40 32 26 67 56 0 66 
2 49 20 89 53 17 51 11 60 64 42 86 95 3 44 58 74 9 23 48 54 63 79 16 25 41 67 13 59 28 39 47 4 22 31 46 78 81 83 91 92 40 65 68 75 1 5 10 18 30 43 50 61 62 84 94 26 27 37 70 76 97 14 34 69 71 72 88 93 19 52 57 87 96 8 38 66 73 98 12 21 24 85 45 90 990 7 29 77 32 35 56 82 36 55 15 6 80 33 
2 3 4 9 11 13 16 17 20 22 23 25 28 31 39 40 41 42 44 46 47 48 49 51 53 54 58 59 60 63 64 65 67 68 74 75 78 79 81 83 86 89 91 92 95 0 1 5 6 7 8 10 12 14 15 18 19 21 24 26 27 29 30 32 33 34 35 36 37 38 43 45 50 52 55 56 57 61 62 66 69 70 71 72 73 76 77 80 82 84 85 87 88 90 93 94 96 97 98 99
37 58 48 50 19 29 68 26 63 45 90 38 43 33 35 74 8 61 70 12 7 47 6 20 87 76 25 22 57 85 71 54 80 0 73 93 40 31 44 89 75 65 3 13 41 81 82 52 79 36 59 16 23 9 10 24 84 42 53 88 96 14 49 34 92 94 60 72 2 1 95 9983 64 32 30 69 39 15 62 5 27 56 28 17 66 21 78 4 67 46 86 55 98 51 91 11 97 18 77 
65 38 92 48 22 25 26 57 63 74 91 79 84 95 7 33 51 77 68 80 28 89 42 47 93 23 46 52 73 12 20 50 90 94 6 37 54 60 62 3 21 30 41 53 72 1 24 61 76 83 97 14 36 40 49 56 70 2 9 27 32 35 45 67 75 81 87 98 19 78 96 11 55 59 71 4 31 66 69 86 10 17 18 44 82 43 13 15 995 29 8 16 64 88 39 34 58 0 85 
3 6 7 12 20 21 22 23 25 26 28 30 33 37 38 41 42 46 47 48 50 51 52 53 54 57 60 62 63 65 68 72 73 74 77 79 80 84 89 90 91 92 93 94 95 0 1 2 4 5 8 9 10 11 13 14 15 16 17 18 19 24 27 29 31 32 34 35 36 39 40 43 44 45 49 55 56 58 59 61 64 66 67 69 70 71 75 76 78 81 82 83 85 86 87 88 96 97 98 99
5 76 35 94 98 74 32 50 43 47 6 95 89 70 60 22 62 96 80 36 13 23 7 92 49 30 97 75 63 27 91 78 51 25 38 31 21 34 66 90 0 42 18 9977 1 79 10 12 24 68 3 81 44 19 69 61 16 53 83 87 93 57 85 11 59 73 86 54 15 33 45 29 48 26 65 4 88 2 82 71 8 72 64 56 46 28 9 40 41 55 58 39 14 37 84 67 17 52 20 
69 75 82 80 81 45 8 27 48 56 5 50 13 14 15 51 95 97 52 53 64 33 35 58 61 71 89 1 26 46 72 78 6 12 21 36 38 43 91 4 7 67 54 74 24 25 28 39 41 84 9911 17 18 37 60 70 90 94 55 57 86 87 88 96 34 2 22 42 65 66 77 92 93 19 40 59 98 31 32 83 0 16 20 63 68 85 29 30 73 49 76 79 3 9 10 62 44 47 23 
1 4 5 6 7 8 12 13 14 15 21 26 27 33 35 36 38 43 45 46 48 50 51 52 53 54 56 58 61 64 67 69 71 72 74 75 78 80 81 82 89 91 95 97 0 2 3 9 10 11 16 17 18 19 20 22 23 24 25 28 29 30 31 32 34 37 39 40 41 42 44 47 49 55 57 59 60 62 63 65 66 68 70 73 76 77 79 83 84 85 86 87 88 90 92 93 94 96 98 99
63 3 62 53 26 18 22 64 9948 84 92 10 42 36 52 69 14 46 57 65 28 93 44 73 75 51 23 56 20 82 4 17 25 27 72 50 12 34 47 60 77 41 70 37 32 68 96 76 7 31 13 98 11 35 95 30 6 61 79 54 16 59 74 39 86 94 8 29 1 90 5 9 89 78 55 88 24 49 21 83 40 43 67 19 33 15 87 81 85 66 45 80 38 58 97 0 2 91 71 
39 6 22 14 45 3 75 40 51 55 56 92 47 60 70 96 25 28 30 59 64 19 26 62 63 68 95 27 80 84 85 4 29 54 87 12 33 35 44 46 50 52 65 69 79 90 7 10 11 31 43 93 2 24 38 57 83 91 1 18 36 76 86 0 48 73 74 32 49 77 78 89 97 9981 16 17 34 98 5 23 42 61 9 13 21 41 71 88 20 72 53 58 66 15 67 94 82 8 37 
3 4 6 7 10 11 12 14 19 22 25 26 27 28 29 30 31 33 35 39 40 43 44 45 46 47 50 51 52 54 55 56 59 60 62 63 64 65 68 69 70 75 79 80 84 85 87 90 92 93 95 96 0 1 2 5 8 9 13 15 16 17 18 20 21 23 24 32 34 36 37 38 41 42 48 49 53 57 58 61 66 67 71 72 73 74 76 77 78 81 82 83 86 88 89 91 94 97 98 99
63 54 45 59 13 97 53 80 36 23 55 98 22 9 92 8 88 78 51 65 37 90 68 10 4 48 50 7 73 46 95 1 66 2 18 85 60 34 82 20 29 49 25 32 94 43 44 11 84 16 28 14 52 70 87 35 6 21 86 91 26 81 71 5 27 76 69 93 39 3 47 24 79 77 74 56 57 9967 19 30 89 58 72 15 64 12 41 75 31 62 96 61 33 0 17 42 40 83 38 
35 50 36 66 1 6 63 27 47 86 14 43 60 29 54 69 7 34 87 0 40 41 46 49 68 80 12 31 38 39 90 23 28 48 65 85 16 59 70 97 3 5 15 45 82 56 77 89 9917 20 30 73 74 79 83 94 10 13 71 84 92 11 21 25 53 88 8 37 62 72 93 9 33 52 57 64 91 95 22 24 32 67 81 96 2 18 26 4 76 42 51 98 55 61 78 44 75 58 19 
0 1 3 5 6 7 12 14 15 16 23 27 28 29 31 34 35 36 38 39 40 41 43 45 46 47 48 49 50 54 59 60 63 65 66 68 69 70 80 82 85 86 87 90 97 2 4 8 9 10 11 13 17 18 19 20 21 22 24 25 26 30 32 33 37 42 44 51 52 53 55 56 57 58 61 62 64 67 71 72 73 74 75 76 77 78 79 81 83 84 88 89 91 92 93 94 95 96 98 99
43 4 16 62 33 77 35 41 2 61 54 38 19 56 14 75 83 28 79 36 45 57 13 31 5 17 52 90 95 1 96 70 84 97 93 47 20 55 68 98 22 15 69 78 25 7 81 24 86 46 87 72 10 51 71 27 88 42 8 37 9929 21 49 11 32 40 63 60 50 39 53 58 74 76 67 91 34 92 30 0 64 59 66 44 3 80 94 6 26 18 48 73 82 12 23 9 89 65 85 
85 98 63 77 45 56 10 37 38 40 2 14 25 60 69 29 30 61 990 17 52 70 72 41 54 81 95 11 16 27 92 13 32 33 73 86 87 7 12 82 19 66 68 74 96 28 34 46 50 90 31 36 59 64 65 83 91 15 49 57 79 84 89 24 44 75 58 93 5 39 47 55 71 88 18 35 43 53 78 1 6 20 8 23 62 94 3 4 22 51 67 48 80 21 76 9 97 42 26 
0 2 7 10 11 12 13 14 16 17 19 25 27 29 30 32 33 37 38 40 41 45 52 54 56 60 61 63 66 68 69 70 72 73 74 77 81 82 85 86 87 92 95 96 98 991 3 4 5 6 8 9 15 18 20 21 22 23 24 26 28 31 34 35 36 39 42 43 44 46 47 48 49 50 51 53 55 57 58 59 62 64 65 67 71 75 76 78 79 80 83 84 88 89 90 91 93 94 97 
62 42 98 67 81 83 15 8 85 60 50 93 38 9964 14 30 54 21 44 94 4 95 34 6 10 18 29 56 25 55 51 75 97 71 28 61 40 66 90 32 72 9 46 5 36 82 57 11 45 3 49 17 1 73 58 91 12 77 20 59 22 52 76 16 48 39 74 31 33 89 92 69 19 23 27 0 86 96 24 80 2 41 78 7 79 26 47 87 68 84 43 53 70 35 65 37 63 13 88 
93 32 6 19 92 47 69 82 1 24 50 84 89 90 26 87 5 21 66 88 22 54 65 17 35 39 48 56 60 73 13 14 58 70 79 80 2 9 28 45 72 75 36 38 42 11 23 29 31 33 40 57 62 95 8 10 59 67 68 71 97 15 18 25 61 98 20 43 51 27 52 53 55 83 86 3 16 34 49 64 91 9937 81 96 0 76 78 12 77 30 44 74 94 46 4 41 7 85 63 
1 2 5 6 9 13 14 17 19 21 22 24 26 28 32 35 36 38 39 42 45 47 48 50 54 56 58 60 65 66 69 70 72 73 75 79 80 82 84 87 88 89 90 92 93 0 3 4 7 8 10 11 12 15 16 18 20 23 25 27 29 30 31 33 34 37 40 41 43 44 46 49 51 52 53 55 57 59 61 62 63 64 67 68 71 74 76 77 78 81 83 85 86 91 94 95 96 97 98 99
96 97 51 49 84 14 24 47 50 2 46 20 80 87 37 98 54 41 72 94 45 92 81 27 66 93 61 10 28 35 21 42 19 76 64 53 4 1 6 70 9 82 73 59 67 69 88 9985 52 89 44 32 12 22 91 63 79 68 56 77 65 57 40 17 34 38 90 78 29 86 43 15 13 8 75 39 48 36 33 83 30 55 74 58 60 16 95 7 62 23 11 26 25 0 31 18 5 3 71 
70 20 66 9 12 34 83 19 58 32 60 9910 22 24 36 65 78 21 69 62 73 84 98 1 4 11 41 2 52 59 63 64 81 13 14 67 80 90 91 39 43 68 5 44 45 48 74 97 26 38 87 37 75 77 6 27 28 46 55 3 23 29 54 79 88 25 31 61 92 93 18 56 76 85 89 49 71 96 82 8 16 50 94 0 15 33 86 35 40 57 51 53 17 47 30 42 7 95 72 
1 2 4 5 9 10 11 12 13 14 19 20 21 22 24 32 34 36 39 41 43 44 45 48 52 58 59 60 62 63 64 65 66 67 68 69 70 73 74 78 80 81 83 84 90 91 97 98 990 3 6 7 8 15 16 17 18 23 25 26 27 28 29 30 31 33 35 37 38 40 42 46 47 49 50 51 53 54 55 56 57 61 71 72 75 76 77 79 82 85 86 87 88 89 92 93 94 95 96 
46 44 55 58 74 62 16 53 83 0 40 77 91 64 3 66 15 2 6 41 85 78 22 52 76 71 32 88 63 56 95 5 42 97 69 997 67 31 28 86 13 81 29 68 18 73 96 37 90 35 84 38 59 92 82 94 19 14 25 48 70 51 21 8 11 93 54 1 80 60 49 4 30 10 65 39 87 17 26 23 36 57 20 27 79 50 72 45 9 75 12 98 89 24 61 43 33 34 47 
19 37 1 25 51 0 88 34 91 29 32 69 83 31 33 5 16 42 43 53 80 87 90 9945 82 89 48 84 6 11 22 64 13 58 77 2 15 27 38 39 54 61 66 70 72 85 95 8 12 10 26 47 52 56 62 67 75 96 18 30 35 46 55 94 4 7 44 79 93 3 17 23 63 68 74 76 86 28 36 40 97 98 14 73 20 59 57 60 92 50 71 78 41 65 21 9 24 49 81 
0 1 2 5 6 11 13 15 16 19 22 25 27 29 31 32 33 34 37 38 39 42 43 45 48 51 53 54 58 61 64 66 69 70 72 77 80 82 83 84 85 87 88 89 90 91 95 993 4 7 8 9 10 12 14 17 18 20 21 23 24 26 28 30 35 36 40 41 44 46 47 49 50 52 55 56 57 59 60 62 63 65 67 68 71 73 74 75 76 78 79 81 86 92 93 94 96 97 98 
94 95 57 91 9969 49 48 24 22 28 31 63 82 86 9 16 61 6 11 79 76 71 41 73 90 47 80 50 54 78 56 65 17 83 70 58 21 96 75 37 36 84 98 88 26 20 62 32 18 81 5 93 64 10 87 40 38 12 68 29 85 3 35 59 33 14 46 7 19 51 97 45 39 67 8 55 25 27 60 13 89 30 77 4 92 43 0 23 34 66 74 42 52 72 44 2 15 53 1 
24 82 9 11 90 84 98 17 32 79 26 72 73 74 86 2 6 27 40 55 92 94 20 77 85 9921 30 39 42 52 66 36 37 44 47 60 67 83 88 4 29 35 69 93 5 7 57 70 10 45 63 97 0 62 65 91 95 3 18 34 38 56 59 61 80 96 53 81 8 54 64 1 12 46 71 87 48 58 75 15 28 31 33 41 43 76 49 51 89 50 78 23 16 22 68 13 14 25 19 
2 4 5 6 7 9 11 17 20 21 24 26 27 29 30 32 35 36 37 39 40 42 44 47 52 55 57 60 66 67 69 70 72 73 74 77 79 82 83 84 85 86 88 90 92 93 94 98 990 1 3 8 10 12 13 14 15 16 18 19 22 23 25 28 31 33 34 38 41 43 45 46 48 49 50 51 53 54 56 58 59 61 62 63 64 65 68 71 75 76 78 80 81 87 89 91 95 96 97 
22 68 91 7 55 25 66 24 20 93 89 36 77 57 35 54 8 86 97 4 31 34 92 76 90 28 41 17 62 0 48 56 42 95 80 70 18 69 38 2 30 61 39 96 98 3 13 78 53 63 26 37 74 71 14 79 9 32 33 51 19 16 12 59 87 29 10 88 23 50 94 9984 21 67 49 72 83 5 46 11 73 44 65 15 82 6 40 60 81 47 75 52 27 43 64 45 58 85 1 
66 38 86 87 89 19 36 71 20 51 52 81 34 93 5 27 73 76 8 22 25 26 49 90 95 23 29 94 54 92 50 57 77 80 0 7 24 60 85 9 78 79 83 98 16 65 72 10 45 53 64 69 82 1 12 13 17 33 40 43 59 74 88 28 39 46 58 63 67 9931 48 61 62 70 35 47 55 84 91 37 42 75 3 21 30 11 14 18 97 2 15 44 32 68 56 6 4 41 96 
0 5 7 8 9 19 20 22 23 24 25 26 27 29 34 36 38 49 50 51 52 54 57 60 66 71 73 76 77 78 79 80 81 83 85 86 87 89 90 92 93 94 95 98 1 2 3 4 6 10 11 12 13 14 15 16 17 18 21 28 30 31 32 33 35 37 39 40 41 42 43 44 45 46 47 48 53 55 56 58 59 61 62 63 64 65 67 68 69 70 72 74 75 82 84 88 91 96 97 99
96 55 44 56 67 11 34 53 71 33 89 85 3 0 69 79 35 83 90 73 58 22 14 74 49 17 91 72 62 70 32 94 37 15 59 24 5 63 66 48 45 42 81 65 19 47 30 68 9920 23 75 60 40 16 12 21 76 8 98 84 97 13 80 64 6 9 46 50 41 82 4 43 27 92 10 87 77 54 29 39 93 1 25 36 95 52 38 57 18 51 26 88 86 7 2 61 78 31 28 
39 77 81 16 22 31 8 38 55 56 59 63 21 50 68 82 9928 14 18 32 97 4 29 1 20 41 45 53 70 79 87 88 6 23 34 57 58 60 9 12 17 24 35 43 49 67 91 93 94 19 27 36 48 64 80 25 46 71 85 86 10 13 37 62 90 11 72 76 89 96 2 5 51 52 61 73 78 95 42 65 84 74 0 40 75 83 66 92 69 3 30 33 44 54 98 47 26 15 7 
1 4 6 8 9 12 14 16 17 18 20 21 22 23 24 28 29 31 32 34 35 38 39 41 43 45 49 50 53 55 56 57 58 59 60 63 67 68 70 77 79 81 82 87 88 91 93 94 97 990 2 3 5 7 10 11 13 15 19 25 26 27 30 33 36 37 40 42 44 46 47 48 51 52 54 61 62 64 65 66 69 71 72 73 74 75 76 78 80 83 84 85 86 89 90 92 95 96 98 
21 46 87 52 26 22 20 67 17 37 14 77 89 60 40 70 5 10 62 91 42 1 28 29 73 31 93 69 90 4 19 47 11 24 50 18 41 56 9 54 0 58 63 55 12 80 38 45 65 71 13 76 88 68 61 84 23 74 3 16 59 97 85 83 9939 49 96 81 64 48 86 43 94 35 72 36 79 8 82 92 32 25 15 33 95 53 34 98 75 44 30 57 2 27 7 78 6 51 66 
72 37 76 68 53 62 19 89 32 41 83 46 6 51 34 4 47 59 44 49 57 65 80 8 14 39 81 84 85 12 52 69 87 97 10 40 42 54 55 66 70 74 5 13 21 29 38 79 95 20 48 61 64 86 0 18 94 3 11 17 50 60 9 15 25 78 2 23 26 27 45 56 71 43 82 93 1 28 36 77 9922 30 35 63 67 73 88 98 16 92 33 24 91 96 90 31 58 75 7 
4 5 6 8 10 12 13 14 19 21 29 32 34 37 38 39 40 41 42 44 46 47 49 51 52 53 54 55 57 59 62 65 66 68 69 70 72 74 76 79 80 81 83 84 85 87 89 95 97 0 1 2 3 7 9 11 15 16 17 18 20 22 23 24 25 26 27 28 30 31 33 35 36 43 45 48 50 56 58 60 61 63 64 67 71 73 75 77 78 82 86 88 90 91 92 93 94 96 98 99
70 16 22 56 95 67 18 28 25 12 15 29 58 55 6 44 20 54 59 41 78 26 88 0 79 85 47 80 21 17 2 63 31 97 33 38 71 76 32 94 36 84 4 46 5 24 45 64 90 62 93 37 61 9 3 30 35 11 14 73 42 9913 81 66 39 48 69 51 40 1 74 83 57 72 43 49 98 65 23 87 19 34 75 92 50 86 27 7 52 89 8 68 10 53 91 60 77 82 96 
93 88 46 60 9 51 11 63 83 15 31 73 89 8 17 28 43 44 77 24 30 34 82 90 94 97 12 20 78 79 995 49 71 80 86 4 23 35 57 75 96 26 40 48 54 62 95 58 1 2 14 29 33 36 39 47 56 64 3 19 37 38 59 69 74 85 91 16 22 41 45 50 67 70 13 42 52 66 32 65 25 53 72 76 81 84 55 61 98 0 18 10 87 6 68 92 21 27 7 
4 5 8 9 11 12 15 17 20 23 24 26 28 30 31 34 35 40 43 44 46 48 49 51 54 57 60 62 63 71 73 75 77 78 79 80 82 83 86 88 89 90 93 94 95 96 97 990 1 2 3 6 7 10 13 14 16 18 19 21 22 25 27 29 32 33 36 37 38 39 41 42 45 47 50 52 53 55 56 58 59 61 64 65 66 67 68 69 70 72 74 76 81 84 85 87 91 92 98 
87 92 7 84 95 85 89 57 9 88 62 6 32 17 13 60 25 46 22 0 56 81 15 76 20 24 34 49 75 26 83 38 28 93 72 80 45 64 2 48 30 9996 23 91 40 53 44 55 67 8 59 42 98 70 54 69 97 71 86 31 77 4 27 33 11 1 90 21 14 50 78 43 61 66 41 35 39 79 16 52 12 5 10 82 51 63 29 73 47 36 58 3 37 65 18 19 68 94 74 
1 11 71 13 41 61 66 84 33 6 48 59 74 83 54 5 43 75 95 29 38 46 50 18 21 27 58 63 77 81 40 69 93 3 9 24 30 34 42 62 65 2 4 7 49 98 0 19 28 60 68 72 23 25 57 87 88 97 17 78 79 80 90 9912 16 37 82 10 15 35 45 47 56 67 76 86 92 96 52 53 85 26 32 39 91 31 8 20 51 94 14 70 73 22 36 44 89 55 64 
1 2 3 4 5 6 7 9 11 13 18 21 24 27 29 30 33 34 38 40 41 42 43 46 48 49 50 54 58 59 61 62 63 65 66 69 71 74 75 77 81 83 84 93 95 98 0 8 10 12 14 15 16 17 19 20 22 23 25 26 28 31 32 35 36 37 39 44 45 47 51 52 53 55 56 57 60 64 67 68 70 72 73 76 78 79 80 82 85 86 87 88 89 90 91 92 94 96 97 99
89 61 67 17 34 9 90 29 53 59 46 15 97 69 27 3 92 72 35 55 0 93 43 37 6 76 58 71 68 79 14 22 87 56 49 39 19 85 62 81 57 51 8 32 60 4 21 66 13 88 83 1 20 47 70 5 44 25 74 77 38 26 2 16 65 12 31 98 75 36 11 23 30 84 95 41 80 7 28 78 48 86 96 94 18 40 91 42 10 45 24 50 63 9973 52 33 82 64 54 
2 28 12 38 7 73 1 21 46 70 93 9 19 33 15 22 35 43 30 39 48 61 74 96 25 40 6 18 26 32 45 86 66 77 95 994 24 50 53 80 98 36 62 64 65 67 72 85 29 34 42 54 69 79 89 90 11 41 47 49 51 52 84 13 17 20 55 14 16 31 44 68 75 83 37 3 10 23 59 60 94 63 87 88 97 0 57 81 82 92 58 5 8 71 91 78 27 76 56 
1 2 4 6 7 9 12 15 18 19 21 22 24 25 26 28 30 32 33 35 38 39 40 43 45 46 48 50 53 61 66 70 73 74 77 80 86 93 95 96 98 990 3 5 8 10 11 13 14 16 17 20 23 27 29 31 34 36 37 41 42 44 47 49 51 52 54 55 56 57 58 59 60 62 63 64 65 67 68 69 71 72 75 76 78 79 81 82 83 84 85 87 88 89 90 91 92 94 97 
26 84 25 66 50 18 47 56 16 20 2 36 71 37 42 35 73 32 57 12 21 8 13 98 94 28 5 22 69 44 30 27 55 0 82 89 64 51 41 59 54 33 80 88 15 75 53 93 60 9995 49 40 62 39 79 23 4 68 24 90 85 92 72 74 46 76 17 52 81 11 14 83 96 34 63 61 65 70 86 10 91 45 3 29 19 6 87 9 97 48 67 38 31 77 58 78 7 1 43 
87 94 97 67 96 27 32 55 64 80 92 19 75 18 90 98 998 36 53 59 93 0 3 26 88 2 23 43 62 4 14 24 47 15 33 38 41 78 83 1 10 22 30 56 66 76 82 6 12 31 54 71 74 84 86 89 5 63 7 28 40 52 58 70 20 37 48 13 42 50 60 72 81 35 46 69 91 95 11 17 29 39 65 77 79 16 44 68 9 57 45 49 61 34 51 85 25 21 73 
0 1 2 3 4 8 10 14 15 18 19 22 23 24 26 27 30 32 33 36 38 41 43 47 53 55 56 59 62 64 66 67 75 76 78 80 82 83 87 88 90 92 93 94 96 97 98 995 6 7 9 11 12 13 16 17 20 21 25 28 29 31 34 35 37 39 40 42 44 45 46 48 49 50 51 52 54 57 58 60 61 63 65 68 69 70 71 72 73 74 77 79 81 84 85 86 89 91 95 
65 73 0 47 50 49 67 92 70 33 44 26 34 36 83 94 27 24 90 52 25 72 16 80 82 77 58 61 7 76 21 29 74 9 41 66 88 51 93 46 60 28 4 39 11 43 75 14 38 95 91 42 40 62 55 87 3 54 1 84 15 63 18 37 23 17 69 97 2 30 9964 96 53 13 45 57 6 68 71 5 22 48 32 31 35 56 20 8 85 98 86 78 19 81 59 10 79 12 89 
36 11 15 52 21 3 63 68 73 86 6 40 35 54 89 27 28 42 64 91 45 47 60 70 74 75 98 8 10 71 81 4 24 26 31 43 44 92 13 23 65 66 82 93 97 7 14 16 18 37 72 79 95 1 41 77 83 0 5 32 38 39 56 62 90 30 33 46 50 53 67 78 2 9 29 76 96 12 20 55 61 69 48 49 80 94 57 84 85 88 25 87 9934 58 51 19 22 59 17 
3 4 6 8 10 11 13 15 21 23 24 26 27 28 31 35 36 40 42 43 44 45 47 52 54 60 63 64 65 66 68 70 71 73 74 75 81 82 86 89 91 92 93 97 98 0 1 2 5 7 9 12 14 16 17 18 19 20 22 25 29 30 32 33 34 37 38 39 41 46 48 49 50 51 53 55 56 57 58 59 61 62 67 69 72 76 77 78 79 80 83 84 85 87 88 90 94 95 96 99
17 54 97 13 28 24 6 12 36 66 31 5 87 80 82 73 16 32 18 3 33 34 86 30 45 59 20 27 10 90 49 85 7 69 47 43 72 9983 51 84 62 25 41 74 39 40 71 98 8 22 94 92 38 95 93 70 46 78 75 15 65 21 67 0 61 48 44 55 81 64 77 56 53 63 11 91 42 76 58 26 23 14 89 2 1 4 79 19 50 35 29 88 96 60 68 52 37 57 9 
75 56 46 67 76 85 12 49 73 96 23 32 64 18 36 52 61 83 3 11 16 30 9915 89 72 93 4 9 19 29 38 97 8 51 54 92 7 58 94 10 14 25 28 45 65 70 77 88 13 62 82 66 90 41 43 50 55 2 20 31 80 22 24 37 39 71 86 1 33 47 59 74 91 17 34 44 53 87 5 6 21 35 40 48 69 84 98 63 60 68 78 79 26 42 27 0 57 81 95 
3 4 7 8 9 10 11 12 14 15 16 18 19 23 25 28 29 30 32 36 38 45 46 49 51 52 54 56 58 61 64 65 67 70 72 73 75 76 77 83 85 88 89 92 93 94 96 97 990 1 2 5 6 13 17 20 21 22 24 26 27 31 33 34 35 37 39 40 41 42 43 44 47 48 50 53 55 57 59 60 62 63 66 68 69 71 74 78 79 80 81 82 84 86 87 90 91 95 98 
66 50 70 75 90 29 87 34 43 26 4 83 68 1 60 55 8 64 25 52 93 73 31 94 12 16 14 6 80 58 13 89 22 74 15 84 79 65 32 30 82 51 21 76 71 57 72 62 9945 53 38 59 39 40 44 61 56 9 23 41 0 37 86 54 5 96 91 36 85 2 46 63 81 24 48 7 18 33 20 35 67 19 78 28 3 97 10 92 88 11 95 98 27 49 17 47 77 42 69 
65 49 21 24 53 41 37 72 11 13 66 42 16 7 73 0 10 14 19 20 29 32 71 76 81 1 60 79 64 82 98 56 996 28 31 36 46 51 52 75 2 45 54 57 63 70 96 35 38 62 67 94 3 12 22 34 59 61 84 89 18 88 27 30 44 69 74 83 85 5 77 93 95 26 39 17 43 58 80 86 92 33 40 48 50 4 23 90 8 55 68 78 15 25 47 91 9 97 87 
0 1 2 6 7 10 11 13 14 16 19 20 21 24 28 29 31 32 36 37 41 42 45 46 49 51 52 53 54 56 57 60 63 64 65 66 70 71 72 73 75 76 79 81 82 96 98 993 4 5 8 9 12 15 17 18 22 23 25 26 27 30 33 34 35 38 39 40 43 44 47 48 50 55 58 59 61 62 67 68 69 74 77 78 80 83 84 85 86 87 88 89 90 91 92 93 94 95 97 
98 22 10 88 2 93 11 14 34 81 39 33 67 9 49 12 16 50 74 79 29 96 42 37 70 84 5 44 60 48 0 47 62 72 21 57 52 91 54 94 18 6 58 46 64 75 25 19 97 77 78 56 24 66 85 86 40 13 28 30 8 20 1 92 65 32 73 15 59 82 87 36 68 55 4 83 7 17 89 76 31 38 43 61 23 3 71 41 69 26 63 45 95 35 9951 80 27 53 90 
43 29 57 85 9 91 7 50 95 54 3 28 5 20 49 51 65 97 11 16 46 24 79 8 17 23 34 77 48 56 62 64 70 73 90 38 63 0 1 22 26 32 45 52 72 89 21 60 61 78 80 94 96 14 35 44 59 71 2 30 33 39 41 53 6 25 86 27 36 37 66 81 92 47 74 75 83 10 31 58 69 82 19 67 87 98 15 76 68 88 93 4 40 84 12 42 18 55 9913 
0 1 3 5 7 8 9 11 16 17 20 22 23 24 26 28 29 32 34 38 43 45 46 48 49 50 51 52 54 56 57 62 63 64 65 70 72 73 77 79 85 89 90 91 95 97 2 4 6 10 12 13 14 15 18 19 21 25 27 30 31 33 35 36 37 39 40 41 42 44 47 53 55 58 59 60 61 66 67 68 69 71 74 75 76 78 80 81 82 83 84 86 87 88 92 93 94 96 98 99
51 17 10 56 94 73 8 45 80 25 33 93 77 97 74 91 27 31 59 46 1 3 43 35 96 89 70 6 5 21 84 53 29 23 95 42 75 76 57 12 88 98 14 22 37 61 30 68 83 32 92 50 40 24 48 66 63 78 52 2 0 11 9920 71 36 7 47 34 69 39 67 55 90 79 60 26 87 65 28 13 19 64 49 4 85 44 62 41 38 16 58 18 82 54 72 86 9 81 15 
67 66 13 10 2 35 83 14 92 78 33 36 40 54 63 21 52 62 5 23 73 9971 80 46 47 74 75 91 3 28 39 57 42 64 70 27 11 50 55 72 82 86 4 16 22 25 31 32 76 90 26 29 41 48 87 24 30 77 85 95 0 18 49 61 98 6 7 58 60 79 88 93 96 37 38 69 12 17 65 81 84 8 44 56 97 45 94 59 89 51 9 34 20 43 15 19 1 53 68 
2 3 5 10 11 13 14 21 23 27 28 33 35 36 39 40 42 46 47 50 52 54 55 57 62 63 64 66 67 70 71 72 73 74 75 78 80 82 83 86 91 92 990 1 4 6 7 8 9 12 15 16 17 18 19 20 22 24 25 26 29 30 31 32 34 37 38 41 43 44 45 48 49 51 53 56 58 59 60 61 65 68 69 76 77 79 81 84 85 87 88 89 90 93 94 95 96 97 98 
66 30 79 60 74 3 82 26 9 31 21 55 6 65 2 20 72 63 39 1 47 96 59 86 22 0 56 42 9924 27 87 10 54 36 12 44 51 35 69 75 85 80 11 38 15 45 5 58 68 8 71 53 48 76 37 18 43 7 89 23 41 33 28 50 77 4 19 14 95 91 32 57 13 98 64 67 46 78 93 88 61 92 40 52 17 70 84 81 25 97 83 90 16 34 62 73 49 29 94 
13 37 65 14 55 83 19 51 82 12 35 44 78 15 52 86 24 66 95 8 32 46 63 92 5 43 9917 59 74 9 27 69 93 94 96 97 53 64 84 87 3 38 39 56 61 73 4 21 29 40 76 0 22 49 50 54 62 77 28 45 58 7 20 34 41 79 98 6 10 16 26 30 33 48 60 90 80 1 2 42 47 71 36 18 25 68 91 31 88 89 85 11 23 70 57 67 75 72 81 
3 5 8 9 12 13 14 15 17 19 24 27 32 35 37 38 39 43 44 46 51 52 53 55 56 59 61 63 64 65 66 69 73 74 78 82 83 84 86 87 92 93 94 95 96 97 990 1 2 4 6 7 10 11 16 18 20 21 22 23 25 26 28 29 30 31 33 34 36 40 41 42 45 47 48 49 50 54 57 58 60 62 67 68 70 71 72 75 76 77 79 80 81 85 88 89 90 91 98 
0 16 86 13 76 11 4 19 90 81 85 96 92 91 23 64 37 9910 65 50 83 95 87 45 33 25 5 43 8 21 67 2 31 22 48 9 55 12 29 3 40 56 46 82 69 54 75 70 77 72 66 38 97 57 1 14 26 68 58 53 52 59 61 49 62 27 47 93 74 20 78 41 44 60 30 18 15 35 71 79 88 42 73 36 24 17 84 32 39 6 89 63 80 94 51 28 98 7 34 
32 37 0 47 81 7 43 83 19 55 60 90 94 6 11 18 24 66 98 999 31 34 35 38 46 54 72 4 61 85 96 53 57 59 65 74 87 5 14 16 21 22 67 25 28 39 71 73 88 97 42 86 89 10 29 33 58 77 91 95 13 20 44 50 63 68 69 93 3 1 26 49 82 27 45 52 70 12 78 48 75 79 80 84 17 30 41 56 2 23 15 36 40 62 64 76 92 51 8 
0 4 5 6 7 9 11 14 16 18 19 21 22 24 25 28 31 32 34 35 37 38 39 43 46 47 53 54 55 57 59 60 61 65 66 67 71 72 73 74 81 83 85 87 88 90 94 96 97 98 991 2 3 8 10 12 13 15 17 20 23 26 27 29 30 33 36 40 41 42 44 45 48 49 50 51 52 56 58 62 63 64 68 69 70 75 76 77 78 79 80 82 84 86 89 91 92 93 95 
53 72 19 21 24 71 60 83 44 6 17 45 16 42 57 79 65 61 97 56 70 54 35 76 88 50 5 52 80 48 62 36 20 46 26 98 47 78 15 8 11 28 86 74 68 67 3 40 49 77 94 69 91 9 92 87 23 22 51 43 59 9910 30 0 96 95 64 18 66 58 55 2 73 13 25 85 33 12 81 82 84 14 38 37 29 27 89 34 32 41 93 7 1 4 31 75 90 39 63 
20 3 22 73 78 6 53 85 49 54 92 24 83 8 30 39 41 58 88 90 91 16 28 32 60 64 65 77 0 9 36 84 89 18 25 43 74 82 96 991 15 19 23 26 59 66 97 29 31 35 48 61 7 12 42 55 56 86 62 81 11 40 44 63 71 87 2 21 52 79 5 72 94 10 45 50 76 17 27 68 69 75 80 93 67 34 38 51 70 14 37 47 4 33 46 95 13 98 57 
0 1 3 6 8 9 15 16 18 19 20 22 23 24 25 26 28 29 30 31 32 35 36 39 41 43 48 49 53 54 58 59 60 61 64 65 66 73 74 77 78 82 83 84 85 88 89 90 91 92 96 97 992 4 5 7 10 11 12 13 14 17 21 27 33 34 37 38 40 42 44 45 46 47 50 51 52 55 56 57 62 63 67 68 69 70 71 72 75 76 79 80 81 86 87 93 94 95 98 
85 64 29 16 8 55 51 84 80 74 93 41 92 21 66 53 26 15 73 77 5 78 89 27 11 67 38 54 95 49 2 48 23 43 65 72 30 9 34 9956 40 63 97 76 79 32 68 46 33 3 61 90 39 91 18 25 20 58 28 52 81 4 70 6 82 31 69 59 87 19 22 1 45 83 36 10 37 12 7 71 60 44 13 98 50 86 42 96 35 94 88 0 62 75 57 24 47 17 14 
16 6 27 11 29 31 37 23 30 76 91 69 93 9 10 14 42 50 80 15 32 61 97 33 56 83 92 41 71 78 86 89 1 8 19 43 38 55 66 81 94 13 25 96 3 5 18 28 49 65 72 74 82 62 77 4 20 45 46 47 59 67 68 9934 87 90 98 2 36 40 51 79 85 12 53 57 88 24 26 52 70 22 44 73 0 48 64 95 7 39 54 60 75 17 21 58 63 35 84 
1 6 8 9 10 11 13 14 15 16 19 23 25 27 29 30 31 32 33 37 38 41 42 43 50 55 56 61 66 69 71 76 78 80 81 83 86 89 91 92 93 94 96 97 0 2 3 4 5 7 12 17 18 20 21 22 24 26 28 34 35 36 39 40 44 45 46 47 48 49 51 52 53 54 57 58 59 60 62 63 64 65 67 68 70 72 73 74 75 77 79 82 84 85 87 88 90 95 98 99
42 27 57 88 93 39 23 8 29 90 81 79 62 75 19 9987 91 16 46 47 36 96 85 77 0 58 18 95 50 97 51 44 41 10 56 73 40 82 7 74 22 20 28 31 59 38 14 24 52 61 80 53 33 92 67 5 26 70 65 2 64 30 3 78 54 71 17 69 25 32 55 35 72 83 49 6 9 63 4 60 86 34 84 21 43 13 48 11 89 37 68 1 98 66 45 76 15 12 94 
64 20 23 68 80 59 73 90 42 94 25 37 51 17 27 95 19 21 60 87 29 50 24 89 0 28 58 93 30 40 70 75 78 92 16 31 46 53 62 997 14 39 97 6 9 18 47 69 81 82 86 8 15 26 32 5 12 34 38 43 45 71 84 11 44 66 67 96 22 48 52 54 10 13 41 65 72 83 55 56 63 76 88 3 49 57 74 85 91 4 33 77 79 61 2 1 98 36 35 
0 7 14 16 17 19 20 21 23 24 25 27 28 29 30 31 37 39 40 42 46 50 51 53 58 59 60 62 64 68 70 73 75 78 80 87 89 90 92 93 94 95 97 991 2 3 4 5 6 8 9 10 11 12 13 15 18 22 26 32 33 34 35 36 38 41 43 44 45 47 48 49 52 54 55 56 57 61 63 65 66 67 69 71 72 74 76 77 79 81 82 83 84 85 86 88 91 96 98 
52 98 74 44 49 20 25 86 0 18 51 67 63 93 48 88 85 9 87 73 21 11 19 22 79 55 71 7 37 41 64 5 81 77 56 84 23 27 61 3 17 15 91 1 12 58 59 6 35 45 8 70 9972 4 43 14 24 76 78 10 94 83 33 34 75 47 65 57 30 50 60 39 66 36 90 28 26 38 42 82 16 46 31 69 89 54 68 96 13 53 29 40 95 2 62 97 80 92 32 
3 89 13 40 30 1 76 2 8 33 37 57 59 96 25 34 66 87 17 27 41 44 46 70 0 14 55 60 68 5 69 78 91 29 50 74 39 47 48 88 20 93 71 31 32 35 51 72 80 81 63 64 82 84 85 11 16 19 22 52 90 92 4 45 67 23 24 26 28 53 56 97 6 58 86 98 12 21 62 42 49 43 65 7 18 36 38 75 9 10 61 94 9995 79 77 15 73 54 83 
0 1 2 3 5 8 13 14 17 20 25 27 29 30 33 34 37 39 40 41 44 46 47 48 50 55 57 59 60 66 68 69 70 71 74 76 78 87 88 89 91 93 96 4 6 7 9 10 11 12 15 16 18 19 21 22 23 24 26 28 31 32 35 36 38 42 43 45 49 51 52 53 54 56 58 61 62 63 64 65 67 72 73 75 77 79 80 81 82 83 84 85 86 90 92 94 95 97 98 99
16 77 94 54 49 78 3 50 76 84 91 83 10 5 56 17 96 32 31 41 23 12 89 65 55 40 20 47 82 52 21 66 24 19 98 2 80 33 62 68 44 79 69 97 9970 29 30 15 87 93 7 92 95 53 46 25 18 8 90 39 86 0 11 37 75 28 4 14 9 26 36 64 81 6 67 27 13 43 51 45 38 74 22 57 85 35 48 1 42 72 73 60 63 34 59 88 71 61 58 
4 15 91 96 52 56 86 48 41 97 30 57 87 3 22 33 31 69 76 95 20 29 63 74 75 17 24 51 88 49 92 2 60 83 98 16 19 58 72 94 1 36 70 77 9 39 54 61 78 85 23 38 0 65 80 84 89 12 82 25 27 42 50 68 995 7 44 46 59 73 81 8 13 32 37 45 53 64 71 93 10 35 55 66 79 90 6 26 34 67 14 40 43 21 47 62 11 18 28 
1 2 3 4 15 16 17 19 20 22 24 29 30 31 33 36 41 48 49 51 52 56 57 58 60 63 69 70 72 74 75 76 77 83 86 87 88 91 92 94 95 96 97 98 0 5 6 7 8 9 10 11 12 13 14 18 21 23 25 26 27 28 32 34 35 37 38 39 40 42 43 44 45 46 47 50 53 54 55 59 61 62 64 65 66 67 68 71 73 78 79 80 81 82 84 85 89 90 93 99
74 85 54 92 89 2 82 38 47 86 93 14 7 31 91 49 76 69 23 6 33 83 61 81 16 68 20 98 22 55 65 70 0 29 39 77 48 27 12 84 57 52 18 56 9915 17 90 58 46 66 53 75 5 73 62 71 79 9 44 72 80 37 97 40 8 42 51 10 32 88 26 35 3 96 94 45 30 4 60 24 67 11 63 95 59 13 21 28 34 50 41 43 64 78 87 25 1 36 19 
40 23 41 62 17 82 9913 20 76 18 37 81 44 57 67 68 75 86 29 35 63 90 95 0 11 39 71 72 3 8 89 25 36 42 47 49 53 96 2 5 22 26 46 69 70 91 92 93 12 54 65 74 94 4 32 43 51 52 60 66 14 31 38 64 78 84 21 28 79 88 7 83 87 6 15 27 45 48 98 16 34 77 1 50 55 59 10 56 61 85 97 9 24 33 80 30 19 73 58 
0 2 3 5 8 11 13 17 18 20 22 23 25 26 29 35 36 37 39 40 41 42 44 46 47 49 53 57 62 63 67 68 69 70 71 72 75 76 81 82 86 89 90 91 92 93 95 96 991 4 6 7 9 10 12 14 15 16 19 21 24 27 28 30 31 32 33 34 38 43 45 48 50 51 52 54 55 56 58 59 60 61 64 65 66 73 74 77 78 79 80 83 84 85 87 88 94 97 98 
3 85 10 4 58 15 20 29 66 19 78 94 71 77 12 69 68 18 56 25 26 70 36 5 49 76 75 14 9 60 43 21 32 67 74 41 84 98 40 88 31 30 97 80 51 45 1 91 61 55 27 92 38 53 34 59 89 8 22 44 86 24 62 39 46 17 90 16 6 2 9933 81 28 13 0 50 79 96 52 87 83 63 54 82 64 37 93 47 35 11 73 95 72 7 57 42 48 23 65 
38 24 74 77 65 16 48 22 51 84 86 46 10 21 59 18 999 13 30 32 45 52 55 82 53 83 26 41 54 58 69 85 5 7 23 14 60 72 79 3 17 61 62 73 89 98 0 2 25 31 36 63 88 29 64 70 81 87 90 92 6 19 56 57 67 68 75 80 94 95 96 33 43 44 50 71 91 1 27 8 42 47 49 66 76 4 40 15 35 12 28 93 39 78 97 34 20 11 37 
5 7 9 10 13 14 16 18 21 22 23 24 26 30 32 38 41 45 46 48 51 52 53 54 55 58 59 60 65 69 72 74 77 79 82 83 84 85 86 990 1 2 3 4 6 8 11 12 15 17 19 20 25 27 28 29 31 33 34 35 36 37 39 40 42 43 44 47 49 50 56 57 61 62 63 64 66 67 68 70 71 73 75 76 78 80 81 87 88 89 90 91 92 93 94 95 96 97 98 
90 73 58 9 60 32 81 78 61 19 7 55 38 82 9925 0 52 59 71 80 17 29 54 57 85 6 70 10 36 53 39 21 37 83 20 50 62 47 89 79 65 94 95 64 16 74 4 49 45 96 84 66 42 51 23 34 68 12 93 27 1 44 35 33 5 2 41 77 97 13 63 75 91 67 18 56 8 76 24 48 15 69 14 31 26 30 72 43 86 88 28 92 98 46 40 11 22 3 87 
30 93 5 19 24 44 15 83 34 4 32 54 80 6 35 57 88 10 9 13 55 62 65 84 92 49 77 3 38 22 27 79 85 96 37 59 63 78 81 2 20 21 25 45 50 60 61 82 16 58 87 95 7 17 18 67 71 94 8 14 29 31 51 73 91 40 43 46 26 69 90 42 66 97 0 23 28 39 64 68 70 72 75 86 98 36 41 74 12 48 89 991 11 53 56 76 33 47 52 
2 3 4 5 6 9 10 13 15 19 20 21 22 24 25 27 30 32 34 35 37 38 44 45 49 50 54 55 57 59 60 61 62 63 65 77 78 79 80 81 82 83 84 85 88 92 93 96 0 1 7 8 11 12 14 16 17 18 23 26 28 29 31 33 36 39 40 41 42 43 46 47 48 51 52 53 56 58 64 66 67 68 69 70 71 72 73 74 75 76 86 87 89 90 91 94 95 97 98 99
94 11 20 42 97 41 85 70 14 30 4 9 43 90 60 31 87 0 34 71 66 93 80 18 74 82 45 78 3 73 17 77 47 10 44 56 8 7 37 54 48 35 92 22 27 49 5 16 64 98 55 75 19 84 33 28 2 59 12 89 62 21 86 13 96 68 72 65 15 32 50 23 29 58 36 67 95 79 46 38 83 51 69 9940 6 53 63 61 91 26 57 88 39 25 81 1 24 52 76 
5 48 59 12 96 75 20 42 68 28 49 56 61 74 83 21 22 37 41 53 88 4 44 46 51 58 71 30 82 3 17 55 93 10 27 33 38 47 69 998 24 52 60 63 11 23 89 90 31 35 78 7 9 18 19 26 29 72 54 67 97 13 14 45 50 77 40 84 36 39 91 32 87 43 62 66 79 81 86 92 98 6 64 73 76 94 1 15 34 65 95 0 25 70 2 57 85 80 16 
3 4 5 8 10 11 12 17 20 21 22 23 24 27 28 30 33 37 38 41 42 44 46 47 48 49 51 52 53 55 56 58 59 60 61 63 68 69 71 74 75 82 83 88 89 90 93 96 990 1 2 6 7 9 13 14 15 16 18 19 25 26 29 31 32 34 35 36 39 40 43 45 50 54 57 62 64 65 66 67 70 72 73 76 77 78 79 80 81 84 85 86 87 91 92 94 95 97 98 
31 42 16 76 45 34 6 5 37 44 72 52 83 48 87 15 27 68 9 26 96 71 9966 73 70 39 78 2 60 3 67 61 95 19 86 13 18 4 75 84 64 59 50 21 93 29 20 14 74 91 57 51 58 79 35 32 10 36 1 11 43 24 41 69 28 89 22 98 92 33 38 81 53 8 88 23 47 0 80 55 46 97 7 63 17 77 90 94 40 49 25 82 62 54 85 30 65 56 12 
29 51 13 38 50 49 21 71 1 55 61 72 73 19 15 70 76 81 97 57 78 85 96 11 46 23 65 33 35 37 80 86 90 3 4 67 58 60 2 31 40 77 94 25 30 32 42 44 62 63 83 5 9 39 92 10 16 17 24 26 45 79 88 89 12 28 66 75 84 87 18 47 48 53 64 52 990 41 20 43 91 98 68 22 27 93 36 56 14 54 8 69 59 74 7 34 95 6 82 
1 2 3 4 11 13 15 19 21 23 29 31 33 35 37 38 40 46 49 50 51 55 57 58 60 61 65 67 70 71 72 73 76 77 78 80 81 85 86 90 94 96 97 0 5 6 7 8 9 10 12 14 16 17 18 20 22 24 25 26 27 28 30 32 34 36 39 41 42 43 44 45 47 48 52 53 54 56 59 62 63 64 66 68 69 74 75 79 82 83 84 87 88 89 91 92 93 95 98 99
77 83 34 89 50 74 56 70 19 32 98 96 8 46 64 27 66 17 53 13 39 14 91 63 6 29 55 22 3 16 15 90 9935 48 82 92 67 73 20 18 54 88 30 7 69 60 44 65 9 4 25 87 11 79 59 84 78 52 80 0 5 86 51 81 97 94 72 37 45 76 40 38 68 33 49 36 42 71 10 28 93 1 41 75 47 21 31 61 62 12 26 24 58 57 23 43 95 85 2 
19 67 6 23 69 70 96 15 48 92 12 1 32 75 88 14 78 81 85 87 95 31 2 5 16 34 91 28 40 84 86 89 42 50 57 60 76 27 35 55 63 64 72 73 3 41 54 59 77 90 17 30 36 68 74 83 24 26 47 56 82 94 97 98 22 38 62 10 18 20 53 61 65 66 4 9 13 21 33 44 51 52 58 7 39 0 25 43 46 80 9949 71 79 45 11 8 37 93 29 
1 2 5 6 12 14 15 16 19 23 27 28 31 32 34 35 40 42 48 50 55 57 60 63 64 67 69 70 72 73 75 76 78 81 84 85 86 87 88 89 91 92 95 96 0 3 4 7 8 9 10 11 13 17 18 20 21 22 24 25 26 29 30 33 36 37 38 39 41 43 44 45 46 47 49 51 52 53 54 56 58 59 61 62 65 66 68 71 74 77 79 80 82 83 90 93 94 97 98 99
32 43 82 2 78 11 33 0 24 29 89 17 9939 74 14 90 76 92 34 95 40 83 1 91 50 93 52 84 54 73 25 16 27 20 3 26 51 81 86 22 88 94 19 68 55 56 42 23 9 30 72 61 31 62 79 36 21 5 96 64 97 28 18 8 57 67 10 47 7 49 80 53 37 87 4 15 48 58 59 75 77 46 44 41 45 38 65 6 98 13 66 70 63 12 71 35 69 60 85 
57 19 40 29 50 14 47 69 44 41 68 30 32 51 58 75 82 27 31 36 49 59 98 67 76 86 96 24 48 73 61 72 80 91 52 77 89 90 8 18 20 25 34 85 88 92 56 3 9 16 23 35 42 60 64 79 95 0 7 15 55 74 13 22 53 21 33 62 65 71 2 5 26 54 70 87 66 81 83 84 97 11 12 17 37 39 43 45 10 1 6 38 94 9928 63 93 78 46 4 
8 14 18 19 20 24 25 27 29 30 31 32 34 36 40 41 44 47 48 49 50 51 52 57 58 59 61 67 68 69 72 73 75 76 77 80 82 85 86 88 89 90 91 92 96 98 0 1 2 3 4 5 6 7 9 10 11 12 13 15 16 17 21 22 23 26 28 33 35 37 38 39 42 43 45 46 53 54 55 56 60 62 63 64 65 66 70 71 74 78 79 81 83 84 87 93 94 95 97 99
36 40 19 42 82 39 5 81 87 44 63 72 56 11 18 41 59 17 16 97 96 31 9967 73 2 8 74 32 58 98 25 65 24 54 48 12 90 93 43 80 15 92 7 4 83 57 55 95 6 29 78 21 10 35 3 52 91 45 89 1 27 20 79 30 47 75 22 94 61 88 13 85 62 64 53 28 0 26 34 76 14 69 38 46 9 86 50 84 60 33 68 70 37 49 71 77 51 66 23 
55 41 96 62 71 11 25 43 50 51 61 8 16 79 27 31 37 82 95 6 10 12 38 42 59 3 22 44 63 67 73 94 30 39 46 87 89 9 18 19 21 36 65 70 78 81 0 32 92 17 23 47 69 80 97 5 7 24 48 56 60 72 90 2 15 40 53 57 58 76 86 91 93 29 33 83 85 4 14 52 64 75 88 28 1 45 68 13 54 84 98 20 66 77 9926 35 74 34 49 
0 3 6 8 9 10 11 12 16 18 19 21 22 25 27 30 31 32 36 37 38 39 41 42 43 44 46 50 51 55 59 61 62 63 65 67 70 71 73 78 79 81 82 87 89 92 94 95 96 1 2 4 5 7 13 14 15 17 20 23 24 26 28 29 33 34 35 40 45 47 48 49 52 53 54 56 57 58 60 64 66 68 69 72 74 75 76 77 80 83 84 85 86 88 90 91 93 97 98 99
51 55 69 86 58 82 35 24 66 17 32 48 23 27 40 49 96 45 29 44 89 97 5 81 74 75 57 16 30 64 41 72 3 7 43 92 80 95 68 70 4 50 14 34 88 20 18 33 91 87 76 42 84 56 15 65 61 98 11 10 54 83 39 53 1 9 13 37 46 0 8 63 12 93 71 26 90 21 22 77 67 52 78 94 31 38 59 73 85 19 2 60 9947 25 6 79 28 62 36 
2 4 13 51 62 85 20 23 87 36 38 48 44 84 37 61 7 34 88 6 19 30 95 8 18 49 64 66 86 11 27 29 45 53 92 3 21 35 96 15 59 83 16 56 93 1 12 22 25 70 72 76 78 98 43 50 74 79 80 17 26 40 46 54 65 68 5 10 24 31 60 63 55 42 52 89 94 9 14 67 71 28 73 990 32 33 47 69 77 82 58 75 81 97 41 39 57 90 91 
2 3 4 6 7 8 11 13 15 16 18 19 20 21 23 27 29 30 34 35 36 37 38 44 45 48 49 51 53 56 59 61 62 64 66 83 84 85 86 87 88 92 93 95 96 0 1 5 9 10 12 14 17 22 24 25 26 28 31 32 33 39 40 41 42 43 46 47 50 52 54 55 57 58 60 63 65 67 68 69 70 71 72 73 74 75 76 77 78 79 80 81 82 89 90 91 94 97 98 99
68 38 64 98 37 36 5 44 54 88 95 62 1 33 49 61 52 8 67 12 50 57 82 84 66 34 81 4 80 76 75 2 23 73 65 25 27 59 91 72 90 56 53 87 7 10 55 58 42 94 51 74 0 9 31 69 41 85 93 13 48 43 19 16 83 15 32 79 6 30 78 28 35 14 92 71 29 11 77 26 46 89 60 18 17 9922 24 20 97 86 96 39 40 21 3 63 47 70 45 
42 83 82 52 58 94 32 10 79 35 50 84 15 25 85 89 19 26 55 91 98 21 51 67 70 8 24 45 49 56 81 9911 27 29 87 3 22 68 73 78 80 92 95 16 40 60 66 12 37 57 69 6 62 76 93 5 38 64 88 2 4 18 33 34 41 77 86 9 0 13 31 46 53 54 59 36 39 61 65 71 1 43 44 48 72 74 14 17 20 75 97 23 47 63 90 7 96 28 30 
3 8 10 11 15 16 19 21 22 24 25 26 27 29 32 35 40 42 45 49 50 51 52 55 56 58 60 66 67 68 70 73 78 79 80 81 82 83 84 85 87 89 91 92 94 95 98 990 1 2 4 5 6 7 9 12 13 14 17 18 20 23 28 30 31 33 34 36 37 38 39 41 43 44 46 47 48 53 54 57 59 61 62 63 64 65 69 71 72 74 75 76 77 86 88 90 93 96 97 
47 79 6 98 70 38 75 66 85 8 37 94 41 68 88 72 34 53 30 45 71 19 77 32 84 51 35 89 83 5 54 13 0 56 36 86 17 31 63 55 22 7 12 46 81 10 91 76 90 52 2 80 69 87 93 20 25 16 29 58 60 11 33 96 28 18 62 24 48 42 26 50 23 65 95 40 27 74 1 21 3 59 4 61 67 39 78 73 14 82 57 97 49 9 9943 64 92 15 44 
67 0 85 25 63 13 15 10 53 72 70 79 14 18 39 2 51 82 88 91 23 62 64 84 46 66 71 5 7 17 20 22 44 21 29 42 48 54 75 43 50 55 58 98 33 83 6 11 36 38 57 59 93 4 27 32 65 86 89 24 26 49 74 19 31 40 52 77 95 3 9 35 56 73 28 90 94 97 1 34 37 81 9960 12 30 76 80 87 47 68 69 61 41 78 96 16 45 92 8 
0 2 5 7 10 13 14 15 17 18 20 21 22 23 25 29 33 39 42 43 44 46 48 50 51 53 54 55 58 62 63 64 66 67 70 71 72 75 79 82 83 84 85 88 91 98 1 3 4 6 8 9 11 12 16 19 24 26 27 28 30 31 32 34 35 36 37 38 40 41 45 47 49 52 56 57 59 60 61 65 68 69 73 74 76 77 78 80 81 86 87 89 90 92 93 94 95 96 97 99
58 20 18 75 25 45 43 71 87 39 34 48 93 19 1 51 97 2 40 38 70 98 74 13 54 36 91 7 21 76 9 6 9990 5 55 3 52 60 37 4 30 59 69 72 79 66 63 17 53 28 29 86 92 31 73 24 62 68 41 89 64 78 27 67 94 49 82 32 44 56 88 8 47 80 14 15 23 12 84 57 85 95 83 0 77 65 81 11 42 22 33 16 35 46 10 26 50 96 61 
78 66 85 4 17 18 76 2 33 5 9 13 21 27 44 62 70 81 51 93 98 43 67 69 19 20 25 26 30 36 71 89 96 95 42 46 72 77 97 0 8 38 41 91 34 39 40 48 58 75 84 86 94 7 50 64 79 16 29 37 73 92 11 12 31 47 59 63 993 22 28 57 83 90 10 14 24 54 68 74 80 87 45 53 55 56 60 61 1 35 23 88 15 6 32 52 82 49 65 
0 2 4 5 8 9 13 17 18 19 20 21 25 26 27 30 33 36 38 41 42 43 44 46 51 62 66 67 69 70 71 72 76 77 78 81 85 89 91 93 95 96 97 98 1 3 6 7 10 11 12 14 15 16 22 23 24 28 29 31 32 34 35 37 39 40 45 47 48 49 50 52 53 54 55 56 57 58 59 60 61 63 64 65 68 73 74 75 79 80 82 83 84 86 87 88 90 92 94 99
33 82 36 90 60 24 31 35 74 97 41 15 86 3 44 79 39 5 94 40 93 23 50 19 10 66 37 51 92 26 84 88 49 55 29 42 71 53 13 46 52 68 12 0 62 4 63 57 21 96 9943 95 17 27 11 25 61 20 48 64 58 45 34 1 81 65 87 38 69 47 18 78 76 80 14 7 91 56 89 22 2 30 77 72 6 70 73 54 67 16 59 9 32 85 83 8 98 28 75 
30 22 15 85 81 75 66 97 32 55 40 44 56 57 63 4 36 37 50 79 93 0 8 29 62 69 82 84 23 51 78 6 31 38 58 7 27 35 47 65 68 76 24 39 53 60 64 86 89 13 18 26 59 74 96 95 3 71 80 1 10 14 21 34 48 54 73 87 16 17 41 77 992 49 52 90 91 9 20 28 61 19 42 88 12 70 5 11 25 45 94 98 33 43 72 67 92 83 46 
0 4 6 7 8 15 22 23 24 27 29 30 31 32 35 36 37 38 39 40 44 47 50 51 53 55 56 57 58 60 62 63 64 65 66 68 69 75 76 78 79 81 82 84 85 86 89 93 97 1 2 3 5 9 10 11 12 13 14 16 17 18 19 20 21 25 26 28 33 34 41 42 43 45 46 48 49 52 54 59 61 67 70 71 72 73 74 77 80 83 87 88 90 91 92 94 95 96 98 99
92 15 67 49 35 69 97 82 89 42 77 83 32 26 93 10 55 65 4 39 94 59 25 30 86 57 98 62 19 31 48 23 14 9916 79 9 21 95 84 90 80 1 52 74 87 63 5 40 72 58 7 41 51 60 88 20 34 71 45 38 27 53 36 22 37 3 73 0 54 56 46 64 13 11 96 47 81 78 91 12 50 17 70 44 75 85 2 6 24 33 8 68 66 28 29 18 43 76 61 
30 52 23 66 4 49 85 9962 73 64 20 98 33 19 72 91 31 32 69 11 12 18 26 57 71 89 90 6 41 45 65 84 96 29 77 79 82 7 14 50 76 86 3 34 44 70 75 92 93 8 17 22 27 42 53 88 13 37 48 36 43 54 60 74 95 9 46 87 38 51 67 83 97 1 10 25 47 59 0 21 39 5 24 61 2 55 68 35 58 63 28 15 78 94 40 56 80 81 16 
3 4 6 7 11 12 14 18 19 20 23 26 29 30 31 32 33 34 41 44 45 49 50 52 57 62 64 65 66 69 70 71 72 73 75 76 77 79 82 84 85 86 89 90 91 92 93 96 98 990 1 2 5 8 9 10 13 15 16 17 21 22 24 25 27 28 35 36 37 38 39 40 42 43 46 47 48 51 53 54 55 56 58 59 60 61 63 67 68 74 78 80 81 83 87 88 94 95 97 
13 28 36 52 62 79 8 96 15 94 91 76 51 23 1 86 27 71 75 97 30 4 54 39 68 55 65 47 77 33 25 53 24 84 9 31 78 74 41 12 45 50 17 73 19 29 18 88 58 57 0 67 26 22 95 81 61 80 43 69 2 92 10 66 56 42 72 16 20 60 6 3 93 48 82 59 7 87 35 98 9989 14 64 34 32 38 46 11 40 49 44 63 85 83 90 21 37 5 70 
89 43 993 98 68 21 23 58 74 1 53 6 39 51 87 7 75 79 4 14 22 48 69 52 63 81 10 24 92 95 11 13 33 37 50 60 86 30 40 47 76 80 85 90 93 25 56 65 88 94 0 34 55 70 2 15 17 20 26 29 36 49 57 66 71 84 8 12 19 32 46 62 96 18 27 28 59 72 91 64 83 97 5 61 31 35 44 45 38 67 73 16 54 78 9 42 77 82 41 
1 3 4 6 7 10 11 13 14 21 22 23 24 30 33 37 39 40 43 47 48 50 51 52 53 58 60 63 68 69 74 75 76 79 80 81 85 86 87 89 90 92 93 95 98 990 2 5 8 9 12 15 16 17 18 19 20 25 26 27 28 29 31 32 34 35 36 38 41 42 44 45 46 49 54 55 56 57 59 61 62 64 65 66 67 70 71 72 73 77 78 82 83 84 88 91 94 96 97 
72 25 33 65 95 29 40 66 56 62 80 37 84 73 17 45 52 88 24 81 51 82 46 63 20 83 71 49 28 16 31 10 55 76 96 6 22 34 60 27 39 1 9938 13 69 97 8 74 90 15 7 44 59 35 41 19 32 64 50 57 85 2 92 78 87 94 91 77 42 67 3 5 58 93 43 18 4 48 36 61 14 47 54 53 75 23 11 26 12 89 98 68 70 30 0 79 21 86 9 
67 86 94 1 75 82 24 6 28 33 65 10 16 18 88 0 20 45 68 74 25 34 55 71 43 57 61 72 97 98 21 36 51 56 95 23 37 52 8 12 42 47 69 83 91 39 50 53 54 79 81 87 93 22 40 78 92 96 3 27 31 48 19 58 66 13 29 41 64 80 89 15 26 59 62 76 77 9917 70 9 11 63 90 2 32 38 44 46 84 5 7 35 60 4 30 73 49 14 85 
0 1 6 8 10 12 16 18 20 21 23 24 25 28 33 34 36 37 42 43 45 47 51 52 55 56 57 61 65 67 68 69 71 72 74 75 82 83 86 88 91 94 95 97 98 2 3 4 5 7 9 11 13 14 15 17 19 22 26 27 29 30 31 32 35 38 39 40 41 44 46 48 49 50 53 54 58 59 60 62 63 64 66 70 73 76 77 78 79 80 81 84 85 87 89 90 92 93 96 99
49 72 31 46 96 66 87 2 77 75 33 50 60 43 3 69 40 53 64 84 67 58 97 95 80 7 20 14 16 63 9 71 38 82 45 37 94 15 85 98 57 35 30 89 23 47 21 91 78 59 4 18 24 54 55 32 22 8 19 9910 48 73 34 52 13 11 93 86 17 5 62 70 92 0 88 29 39 51 1 79 56 28 90 12 61 26 81 25 65 83 6 41 76 27 42 68 74 44 36 
38 65 35 85 40 29 61 83 11 97 86 19 49 10 36 64 95 21 59 69 73 82 96 25 57 78 22 47 71 98 34 43 79 80 84 89 4 33 41 72 2 13 45 67 3 9 15 32 50 93 14 27 30 53 87 8 23 37 56 63 75 0 5 18 26 44 48 55 58 62 68 16 24 76 77 92 9942 51 54 70 74 1 20 66 90 28 91 39 81 12 88 94 52 46 6 31 7 17 60 
2 4 10 11 13 19 21 22 25 29 33 34 35 36 38 40 41 43 45 47 49 57 59 61 64 65 67 69 71 72 73 78 79 80 82 83 84 85 86 89 95 96 97 98 0 1 3 5 6 7 8 9 12 14 15 16 17 18 20 23 24 26 27 28 30 31 32 37 39 42 44 46 48 50 51 52 53 54 55 56 58 60 62 63 66 68 70 74 75 76 77 81 87 88 90 91 92 93 94 99
28 91 6 9 29 21 92 59 47 42 16 38 88 41 32 23 60 95 53 44 49 35 86 97 30 80 55 70 57 69 36 11 77 84 24 58 85 48 87 75 67 19 40 76 74 45 51 37 73 98 5 4 90 18 52 81 50 22 33 17 89 1 8 78 83 34 12 7 62 68 82 25 63 39 9964 72 15 26 93 96 54 20 71 2 27 46 10 13 0 43 3 31 61 56 14 66 79 65 94 
4 98 11 30 71 35 58 26 41 80 2 7 66 21 55 83 6 9 20 38 42 22 76 79 48 91 19 28 77 0 3 23 43 44 52 54 97 8 13 46 60 67 74 81 14 29 31 37 56 94 5 16 17 64 73 82 87 1 27 36 59 88 49 61 62 65 69 78 96 12 18 45 51 68 70 15 34 40 72 39 63 89 9924 32 57 92 25 84 85 50 53 47 86 90 10 33 93 75 95 
0 2 3 4 6 7 8 9 11 13 19 20 21 22 23 26 28 30 35 38 41 42 43 44 46 48 52 54 55 58 60 66 67 71 74 76 77 79 80 81 83 91 97 98 1 5 10 12 14 15 16 17 18 24 25 27 29 31 32 33 34 36 37 39 40 45 47 49 50 51 53 56 57 59 61 62 63 64 65 68 69 70 72 73 75 78 82 84 85 86 87 88 89 90 92 93 94 95 96 99
96 94 63 14 67 90 56 17 3 32 93 23 57 88 1 85 35 68 21 69 77 31 71 47 18 2 97 43 7 64 41 10 98 42 12 61 28 27 15 78 8 60 45 65 91 74 46 20 54 6 49 87 59 33 37 83 48 22 40 16 80 66 13 4 44 11 55 89 53 36 70 26 51 82 81 30 73 58 52 72 9 95 0 75 76 25 9984 39 86 92 50 79 29 24 62 5 19 34 38 
69 12 9950 51 60 80 13 45 47 81 2 21 22 52 74 77 35 44 53 61 75 88 89 11 57 87 9 18 20 36 79 83 1 23 25 37 42 43 58 16 59 66 90 24 46 54 67 85 93 97 98 4 8 15 27 29 30 55 92 96 17 38 62 95 10 68 65 76 78 94 14 26 63 84 86 3 5 34 41 82 0 19 32 39 48 56 28 40 70 7 64 91 6 33 72 71 73 49 31 
1 2 9 11 12 13 16 18 20 21 22 23 24 25 35 36 37 42 43 44 45 46 47 50 51 52 53 54 57 58 59 60 61 66 67 69 74 75 77 79 80 81 83 85 87 88 89 90 93 97 98 990 3 4 5 6 7 8 10 14 15 17 19 26 27 28 29 30 31 32 33 34 38 39 40 41 48 49 55 56 62 63 64 65 68 70 71 72 73 76 78 82 84 86 91 92 94 95 96 
74 62 33 11 79 88 83 43 2 9 57 15 59 4 80 86 61 3 35 71 25 21 54 10 85 27 14 24 6 38 7 82 42 41 95 32 28 16 96 20 48 97 72 68 93 58 13 52 5 22 9976 19 69 36 63 92 29 0 1 89 81 66 56 12 49 60 70 45 8 53 98 37 55 46 23 39 44 47 78 31 73 67 34 75 51 17 90 77 65 91 50 94 18 64 40 87 30 84 26 
14 20 19 57 1 96 36 10 73 85 87 90 4 64 86 97 22 27 40 76 78 13 25 30 5 51 81 3 26 28 72 88 12 32 44 52 74 95 6 7 9 43 59 61 69 71 98 58 15 16 31 42 45 47 55 60 62 35 39 49 91 93 21 63 77 83 89 94 990 37 48 65 68 50 56 66 80 84 8 11 34 75 46 70 92 17 18 33 79 82 23 29 54 41 67 24 53 2 38 
1 3 4 5 6 7 9 10 12 13 14 19 20 22 25 26 27 28 30 32 36 40 43 44 51 52 57 59 61 64 69 71 72 73 74 76 78 81 85 86 87 88 90 95 96 97 98 0 2 8 11 15 16 17 18 21 23 24 29 31 33 34 35 37 38 39 41 42 45 46 47 48 49 50 53 54 55 56 58 60 62 63 65 66 67 68 70 75 77 79 80 82 83 84 89 91 92 93 94 99
35 83 58 4 36 22 20 59 81 0 57 38 63 90 41 50 72 65 62 37 45 25 1 92 91 28 29 69 51 42 85 75 76 46 73 7 68 67 15 39 23 84 88 87 40 71 12 9 5 82 55 94 74 66 47 30 97 34 13 93 79 2 89 16 18 54 60 56 9932 48 96 19 17 8 6 80 24 11 95 10 53 3 27 70 98 14 49 61 21 52 31 44 86 77 78 26 33 43 64 
13 37 87 21 45 59 10 26 49 17 88 98 41 60 63 69 92 91 93 22 58 71 80 3 23 77 79 55 1 7 14 42 47 9 15 30 32 74 75 76 78 82 86 990 27 46 56 67 18 70 12 29 31 48 50 53 65 97 54 64 66 68 83 5 33 61 62 81 6 8 20 40 72 73 95 11 38 43 44 51 57 84 89 36 19 2 39 4 34 35 90 16 25 94 24 28 85 52 96 
0 1 3 7 9 10 13 14 15 17 21 22 23 26 27 30 32 37 41 42 45 46 47 49 55 56 58 59 60 63 67 69 71 74 75 76 77 78 79 80 82 86 87 88 91 92 93 98 992 4 5 6 8 11 12 16 18 19 20 24 25 28 29 31 33 34 35 36 38 39 40 43 44 48 50 51 52 53 54 57 61 62 64 65 66 68 70 72 73 81 83 84 85 89 90 94 95 96 97 
39 19 53 56 57 2 1 12 48 88 33 29 98 37 23 94 54 77 28 46 59 45 86 8 75 89 84 63 95 38 78 97 10 3 44 30 4 91 34 73 72 90 11 9 47 58 0 80 83 65 55 82 66 70 96 14 85 64 6 32 31 26 67 87 18 50 81 61 17 92 71 27 24 43 15 62 7 52 93 13 995 20 16 68 49 22 35 42 76 25 21 51 74 60 41 79 36 69 40 
20 6 21 44 57 11 54 45 79 18 27 35 42 67 49 71 31 53 60 98 34 52 19 37 38 50 65 3 47 48 63 70 88 95 2 4 80 82 84 92 7 90 13 14 16 25 28 40 77 81 86 89 39 43 61 96 8 26 58 59 62 78 91 24 32 55 64 97 0 5 23 29 41 72 74 85 93 17 36 66 83 69 33 46 56 75 87 9930 12 51 94 22 73 1 15 68 9 76 10 
2 3 4 6 7 11 18 19 20 21 27 31 34 35 37 38 42 44 45 47 48 49 50 52 53 54 57 60 63 65 67 70 71 79 80 82 84 88 90 92 95 98 0 1 5 8 9 10 12 13 14 15 16 17 22 23 24 25 26 28 29 30 32 33 36 39 40 41 43 46 51 55 56 58 59 61 62 64 66 68 69 72 73 74 75 76 77 78 81 83 85 86 87 89 91 93 94 96 97 99
33 8 28 49 68 83 57 41 72 75 79 23 9988 95 2 29 48 3 35 39 5 53 12 46 10 65 97 94 26 54 30 50 6 56 85 71 4 84 62 63 69 47 24 92 38 7 15 52 13 44 51 31 21 73 59 82 60 55 0 45 67 14 32 1 76 81 70 58 27 77 22 25 11 34 90 16 42 17 87 93 20 78 80 74 91 61 96 37 18 43 36 86 64 40 19 9 98 89 66 
68 14 94 3 75 31 48 64 10 56 88 96 45 76 9944 49 77 97 2 29 46 47 74 91 11 54 67 71 6 20 21 79 95 0 35 43 53 4 12 16 36 40 58 70 5 8 30 57 84 87 92 7 34 62 69 98 9 41 42 66 85 90 27 38 50 52 55 59 63 19 23 39 83 15 26 33 1 60 72 80 51 13 61 73 81 89 17 24 78 82 18 28 32 65 86 37 93 25 22 
0 2 3 4 5 6 8 10 11 12 14 16 20 21 29 30 31 35 36 40 43 44 45 46 47 48 49 53 54 56 57 58 64 67 68 70 71 74 75 76 77 79 84 87 88 91 92 94 95 96 97 991 7 9 13 15 17 18 19 22 23 24 25 26 27 28 32 33 34 37 38 39 41 42 50 51 52 55 59 60 61 62 63 65 66 69 72 73 78 80 81 82 83 85 86 89 90 93 98 
59 63 47 9983 50 40 15 6 71 88 13 52 64 14 72 45 69 9 61 46 25 65 51 84 55 57 62 66 24 92 23 2 32 90 93 80 48 98 36 21 70 86 19 35 81 31 91 4 38 29 67 82 16 60 73 42 56 20 37 1 49 12 53 3 85 33 58 96 44 76 7 74 10 89 41 43 22 54 34 94 95 26 77 17 28 68 78 8 18 87 5 79 30 0 27 39 11 75 97 
52 71 75 24 93 11 53 87 94 42 59 7 9 45 61 64 69 31 40 50 68 95 17 33 36 55 72 86 21 30 84 92 14 65 76 91 96 97 26 60 62 66 81 88 34 51 77 82 1 3 13 25 63 67 78 2 41 79 98 10 70 83 85 89 15 23 28 29 43 48 8 54 73 32 35 37 58 994 5 22 39 46 19 44 57 80 0 27 47 49 18 74 12 16 90 20 6 38 56 
7 9 11 14 17 21 24 26 30 31 33 34 36 40 42 45 50 51 52 53 55 59 60 61 62 64 65 66 68 69 71 72 75 76 77 81 82 84 86 87 88 91 92 93 94 95 96 97 0 1 2 3 4 5 6 8 10 12 13 15 16 18 19 20 22 23 25 27 28 29 32 35 37 38 39 41 43 44 46 47 48 49 54 56 57 58 63 67 70 73 74 78 79 80 83 85 89 90 98 99
97 71 58 63 55 47 59 3 43 41 65 69 44 8 28 26 67 36 20 75 38 84 24 9 16 34 89 48 87 86 19 80 4 83 61 11 68 32 31 21 12 14 39 77 91 50 54 29 2 72 46 7 81 33 95 45 79 85 90 13 5 30 64 9960 94 1 51 78 56 70 73 96 35 98 15 57 25 52 37 10 82 17 49 76 23 0 18 40 74 93 92 88 62 22 66 42 27 53 6 
1 32 52 38 29 16 60 0 4 5 14 17 68 37 51 69 7 22 77 91 8 24 26 64 41 44 23 90 98 21 28 75 83 19 31 34 50 59 63 80 82 96 42 49 67 73 78 81 88 9915 25 47 93 9 54 55 71 87 35 36 48 2 11 43 62 89 56 70 86 12 46 53 66 95 3 39 40 57 61 65 72 84 92 30 33 74 85 76 79 97 18 20 45 94 58 10 27 6 13 
0 1 4 5 7 8 14 16 17 19 21 22 23 24 26 28 29 31 32 34 37 38 41 42 44 49 50 51 52 59 60 63 64 67 68 69 73 75 77 78 80 81 82 83 88 90 91 96 98 992 3 6 9 10 11 12 13 15 18 20 25 27 30 33 35 36 39 40 43 45 46 47 48 53 54 55 56 57 58 61 62 65 66 70 71 72 74 76 79 84 85 86 87 89 92 93 94 95 97 
96 69 11 35 6 43 0 79 49 22 32 39 41 51 60 9 48 98 68 20 45 58 71 65 18 82 57 34 55 44 56 61 77 83 90 4 23 17 13 46 21 84 1 62 63 81 37 25 53 5 36 8 85 40 72 74 2 73 94 64 42 38 9980 52 86 66 76 12 47 67 16 31 19 97 88 78 28 10 95 3 87 29 91 75 14 54 26 33 70 24 93 89 59 50 27 7 15 92 30 
2 16 37 28 86 88 77 55 98 53 61 76 95 0 5 9 10 11 42 43 91 17 25 32 38 54 73 79 19 35 65 70 71 80 81 90 6 36 44 82 97 3 12 22 46 1 7 14 58 67 84 23 49 68 18 20 21 30 64 72 83 89 96 13 24 34 45 56 59 63 8 26 27 87 92 994 33 57 15 93 40 66 78 85 48 74 31 41 47 60 29 52 69 75 94 62 39 50 51 
0 1 2 3 5 6 7 9 10 11 12 14 16 17 19 22 25 28 32 35 36 37 38 42 43 44 46 53 54 55 58 61 65 67 70 71 73 76 77 79 80 81 82 84 86 88 90 91 95 97 98 4 8 13 15 18 20 21 23 24 26 27 29 30 31 33 34 39 40 41 45 47 48 49 50 51 52 56 57 59 60 62 63 64 66 68 69 72 74 75 78 83 85 87 89 92 93 94 96 99
94 92 89 17 10 1 54 69 68 58 6 59 24 33 38 31 5 19 75 42 66 7 79 52 65 86 77 25 16 21 55 62 22 12 30 76 36 88 34 63 13 91 11 85 0 48 72 60 43 95 8 70 83 18 47 93 41 61 80 87 14 98 9 97 96 53 90 29 45 27 39 3 46 56 73 74 49 35 20 78 4 32 71 2 26 50 37 67 51 44 81 15 40 82 84 23 57 9964 28 
65 34 43 49 46 47 93 95 3 78 96 58 74 21 40 77 38 67 81 98 5 6 17 45 60 76 50 51 61 83 85 0 9 13 16 33 54 55 71 10 25 42 94 2 14 35 44 56 59 63 92 97 4 48 87 64 88 20 37 57 73 79 80 11 24 26 30 66 69 8 32 62 89 91 1 12 15 27 31 90 41 72 18 19 75 82 7 23 28 36 39 70 9984 68 22 53 29 86 52 
0 2 3 5 6 9 10 13 14 16 17 21 25 33 34 35 38 40 42 43 44 45 46 47 49 50 51 54 55 56 58 59 60 61 63 65 67 71 74 76 77 78 81 83 85 92 93 94 95 96 97 98 1 4 7 8 11 12 15 18 19 20 22 23 24 26 27 28 29 30 31 32 36 37 39 41 48 52 53 57 62 64 66 68 69 70 72 73 75 79 80 82 84 86 87 88 89 90 91 99
93 58 83 35 27 59 51 70 9965 23 30 8 41 50 40 10 81 76 71 90 6 21 86 67 22 47 42 85 7 54 62 74 18 2 61 5 56 89 72 34 77 98 44 38 68 66 69 25 37 45 15 88 73 32 11 91 57 43 49 0 95 63 1 16 87 64 75 46 52 17 39 26 84 80 48 55 4 78 97 96 20 33 9 60 24 19 79 31 14 92 13 94 28 3 53 29 82 12 36 
83 23 64 12 6 14 91 31 43 3 9 21 52 29 61 62 4 36 37 5 10 66 90 58 70 86 7 15 35 63 80 89 95 9977 78 11 20 30 49 82 85 87 39 45 50 55 73 0 32 40 47 59 42 51 75 76 1 17 24 65 13 16 33 68 93 2 22 48 71 18 19 41 60 69 74 94 96 98 8 25 27 53 56 72 34 46 81 44 88 92 26 57 67 28 97 54 79 84 38 
3 4 5 6 7 9 10 11 12 14 15 20 21 23 29 30 31 35 36 37 39 43 45 49 50 52 55 58 61 62 63 64 66 70 73 77 78 80 82 83 85 86 87 89 90 91 95 990 1 2 8 13 16 17 18 19 22 24 25 26 27 28 32 33 34 38 40 41 42 44 46 47 48 51 53 54 56 57 59 60 65 67 68 69 71 72 74 75 76 79 81 84 88 92 93 94 96 97 98 
33 72 64 17 98 41 68 66 32 82 55 76 96 69 52 13 23 65 31 92 81 57 62 91 61 78 80 54 3 77 84 43 36 85 51 49 44 30 50 45 59 28 86 97 89 71 70 10 74 79 63 27 39 94 7 42 83 95 38 40 46 48 21 35 1 60 18 34 53 14 26 9912 6 16 20 67 2 75 73 22 87 8 56 19 88 24 25 47 9 15 93 5 90 11 58 37 29 4 0 
49 63 96 62 40 53 54 19 72 75 76 95 68 89 90 9 26 11 17 29 41 47 55 58 74 98 12 24 32 36 39 7 21 20 44 61 79 92 94 4 15 42 85 93 50 87 52 56 80 91 25 35 43 65 81 84 2 6 46 60 64 66 78 97 28 33 69 83 1 5 71 88 0 22 23 34 45 59 3 48 57 73 86 18 30 38 77 13 31 70 8 14 51 37 67 82 9916 27 10 
4 7 9 11 12 15 17 19 20 21 24 26 29 32 36 39 40 41 42 44 47 49 50 53 54 55 58 61 62 63 68 72 74 75 76 79 85 87 89 90 92 93 94 95 96 98 0 1 2 3 5 6 8 10 13 14 16 18 22 23 25 27 28 30 31 33 34 35 37 38 43 45 46 48 51 52 56 57 59 60 64 65 66 67 69 70 71 73 77 78 80 81 82 83 84 86 88 91 97 99
34 40 63 41 4 74 77 51 71 87 82 32 11 62 16 26 53 56 96 84 33 55 28 27 5 54 19 9 94 35 67 58 73 18 97 69 22 31 23 17 90 80 42 89 59 3 10 44 86 78 46 64 8 57 72 9915 29 1 70 21 93 75 81 25 12 30 7 79 2 24 66 13 85 61 39 60 14 20 65 83 91 98 68 95 45 92 37 38 43 47 36 49 0 48 52 6 88 50 76 
86 67 3 71 16 93 97 50 61 17 70 11 24 40 54 57 60 95 9927 35 74 13 6 8 12 18 25 36 69 82 10 34 62 72 83 49 68 75 80 85 87 91 96 51 32 81 98 1 38 88 4 22 66 19 23 31 42 53 56 76 90 7 28 41 44 52 73 77 20 29 30 94 0 14 37 43 84 21 47 48 65 78 89 9 46 55 33 45 79 26 59 63 2 39 92 5 64 15 58 
3 6 8 10 11 12 13 16 17 18 24 25 27 32 34 35 36 40 49 50 51 54 57 60 61 62 67 68 69 70 71 72 74 75 80 81 82 83 85 86 87 91 93 95 96 97 98 990 1 2 4 5 7 9 14 15 19 20 21 22 23 26 28 29 30 31 33 37 38 39 41 42 43 44 45 46 47 48 52 53 55 56 58 59 63 64 65 66 73 76 77 78 79 84 88 89 90 92 94 
24 58 97 16 82 92 86 1 19 71 63 41 10 9 23 35 2 62 25 9948 56 91 32 85 42 78 37 0 45 61 88 76 39 65 68 73 22 13 31 87 40 20 95 3 21 34 98 90 66 51 94 74 84 52 50 57 93 29 75 55 44 14 49 59 96 64 26 47 80 43 77 7 18 67 83 46 4 60 54 6 12 11 33 15 28 36 72 30 17 27 8 70 81 89 5 69 79 38 53 
64 67 82 39 85 54 999 11 47 66 51 70 78 79 91 36 37 6 27 71 88 3 14 30 41 58 59 60 73 83 15 20 32 46 81 13 35 90 4 25 53 75 87 95 0 21 62 1 19 92 33 34 38 52 80 10 23 48 93 2 5 22 31 74 12 18 40 98 17 24 42 45 56 94 96 28 29 69 76 86 89 7 49 50 55 43 63 84 97 61 77 57 65 72 26 8 16 44 68 
0 3 4 6 9 11 13 14 15 20 21 25 27 30 32 35 36 37 39 41 46 47 51 53 54 58 59 60 62 64 66 67 70 71 73 75 78 79 81 82 83 85 87 88 90 91 95 991 2 5 7 8 10 12 16 17 18 19 22 23 24 26 28 29 31 33 34 38 40 42 43 44 45 48 49 50 52 55 56 57 61 63 65 68 69 72 74 76 77 80 84 86 89 92 93 94 96 97 98 
70 90 91 53 22 5 30 23 15 77 80 65 86 8 18 98 38 2 58 85 25 41 96 94 35 83 63 88 37 75 50 62 42 1 19 33 12 31 40 27 43 56 11 16 61 69 32 68 0 73 39 71 4 60 72 9910 55 92 3 82 34 20 57 89 76 97 87 9 79 51 84 45 78 54 7 49 47 74 95 14 6 24 36 64 44 81 17 93 13 29 26 48 59 67 46 52 28 21 66 
3 71 27 7 21 5 31 69 37 49 89 70 2 20 43 57 92 98 1 4 72 23 30 40 46 73 84 17 28 33 42 60 63 68 58 61 79 93 0 8 44 52 78 94 15 56 76 90 9 24 34 45 62 16 29 74 91 95 6 11 14 51 65 82 87 9910 13 47 64 66 36 77 80 88 19 35 55 67 83 25 38 41 85 32 48 54 86 96 18 75 12 22 39 53 81 59 26 97 50 
0 1 2 3 4 5 7 8 17 20 21 23 27 28 30 31 33 37 40 42 43 44 46 49 52 57 58 60 61 63 68 69 70 71 72 73 78 79 84 89 92 93 94 98 6 9 10 11 12 13 14 15 16 18 19 22 24 25 26 29 32 34 35 36 38 39 41 45 47 48 50 51 53 54 55 56 59 62 64 65 66 67 74 75 76 77 80 81 82 83 85 86 87 88 90 91 95 96 97 99
7 4 13 28 53 39 26 27 30 96 43 84 20 55 62 24 77 0 56 85 76 14 78 80 73 29 75 41 32 69 68 1 17 51 74 46 37 54 63 52 34 88 57 2 36 61 22 70 40 86 38 49 21 97 59 66 3 47 18 8 71 9965 92 72 48 58 94 33 6 81 45 23 98 25 10 31 91 9 19 89 67 83 44 11 60 90 64 15 79 50 95 87 16 82 5 12 42 93 35 
60 54 62 86 31 50 13 55 72 79 96 3 26 42 18 27 36 45 65 83 16 39 53 85 6 7 66 81 95 11 12 44 58 77 23 33 48 56 59 68 75 88 0 5 46 47 52 70 97 24 28 34 38 43 61 64 82 92 22 9 10 21 49 63 73 87 90 93 15 19 29 30 41 57 69 91 67 80 4 14 25 76 17 98 2 35 37 74 94 8 78 84 991 71 20 40 89 51 32 
0 3 5 6 7 11 12 13 16 18 23 26 27 31 33 36 39 42 44 45 46 47 48 50 52 53 54 55 56 58 59 60 62 65 66 68 70 72 75 77 79 81 83 85 86 88 95 96 97 1 2 4 8 9 10 14 15 17 19 20 21 22 24 25 28 29 30 32 34 35 37 38 40 41 43 49 51 57 61 63 64 67 69 71 73 74 76 78 80 82 84 87 89 90 91 92 93 94 98 99
31 91 21 56 67 23 38 16 47 40 13 26 39 77 28 72 24 2 73 65 29 64 15 45 9944 82 79 80 33 19 94 71 41 90 86 55 74 97 12 92 42 3 98 35 69 11 96 48 61 75 10 58 53 63 85 20 70 62 36 59 0 27 93 18 46 95 4 51 22 25 81 32 89 78 68 66 88 5 6 76 7 30 87 14 84 43 37 49 83 9 1 50 52 8 34 57 60 17 54 
73 9 25 21 40 12 45 72 74 22 88 91 92 39 46 71 87 26 28 36 61 11 18 24 19 15 16 38 47 48 59 64 65 79 80 4 17 66 90 97 14 32 37 42 53 29 44 51 96 1 13 58 78 34 41 67 5 23 33 81 2 6 49 50 77 10 54 57 76 83 89 98 3 35 75 84 95 56 70 82 60 93 990 8 20 52 62 7 31 43 68 30 69 86 94 27 55 63 85 
4 9 11 12 14 15 16 17 18 19 21 22 24 25 26 28 29 32 36 37 38 39 40 42 44 45 46 47 48 51 53 59 61 64 65 66 71 72 73 74 79 80 87 88 90 91 92 96 97 0 1 2 3 5 6 7 8 10 13 20 23 27 30 31 33 34 35 41 43 49 50 52 54 55 56 57 58 60 62 63 67 68 69 70 75 76 77 78 81 82 83 84 85 86 89 93 94 95 98 99
46 56 61 20 12 11 85 97 53 75 45 73 91 14 77 24 83 18 39 35 82 87 3 93 64 10 67 40 48 21 23 1 80 76 33 55 42 27 30 7 49 16 58 78 22 9981 26 19 50 43 2 51 36 86 52 59 34 96 84 90 25 15 28 71 38 54 8 63 31 70 68 95 32 92 69 74 60 79 47 94 88 6 5 66 29 41 4 72 89 13 0 9 44 62 57 98 37 65 17 
9 55 22 21 35 26 58 76 12 7 59 60 96 97 11 43 82 94 38 67 84 18 27 30 54 77 95 14 33 44 51 53 61 64 65 79 17 57 92 1 23 41 5 10 34 40 62 75 90 24 25 36 48 81 4 16 52 56 69 72 98 9963 85 87 88 66 70 71 93 13 15 19 50 83 86 32 0 6 8 28 39 73 68 2 89 29 42 49 78 31 45 46 74 3 37 20 80 91 47 
1 5 7 9 10 11 12 14 17 18 21 22 23 26 27 30 33 34 35 38 40 41 43 44 51 53 54 55 57 58 59 60 61 62 64 65 67 75 76 77 79 82 84 90 92 94 95 96 97 0 2 3 4 6 8 13 15 16 19 20 24 25 28 29 31 32 36 37 39 42 45 46 47 48 49 50 52 56 63 66 68 69 70 71 72 73 74 78 80 81 83 85 86 87 88 89 91 93 98 99
28 29 19 9943 91 38 55 93 10 0 46 40 50 98 48 18 57 23 85 64 42 90 8 74 22 58 31 11 27 30 20 65 62 17 9 34 81 2 88 56 54 63 83 44 96 5 66 12 1 95 3 94 7 61 87 26 33 25 53 97 92 45 80 72 84 14 36 82 21 59 51 15 35 79 75 76 39 67 32 13 6 78 16 24 41 71 89 60 69 77 86 68 47 4 49 70 52 73 37 
54 59 42 84 29 67 27 85 97 13 62 19 26 50 79 88 47 69 14 44 57 65 80 4 38 72 91 46 70 1 82 990 3 31 56 61 5 9 20 52 94 6 8 16 21 36 40 48 49 86 89 7 22 39 60 81 83 87 92 12 17 33 10 51 53 64 68 74 75 93 96 98 24 25 43 58 90 34 23 30 37 77 41 71 95 18 66 11 32 35 63 45 78 55 28 15 2 73 76 
0 1 3 4 5 9 13 14 19 20 26 27 29 31 38 42 44 46 47 50 52 54 56 57 59 61 62 65 67 69 70 72 79 80 82 84 85 88 91 94 97 992 6 7 8 10 11 12 15 16 17 18 21 22 23 24 25 28 30 32 33 34 35 36 37 39 40 41 43 45 48 49 51 53 55 58 60 63 64 66 68 71 73 74 75 76 77 78 81 83 86 87 89 90 92 93 95 96 98 
12 31 55 7 98 39 9986 11 6 27 56 85 13 8 57 77 64 53 50 30 75 52 23 4 62 90 41 65 89 76 66 82 22 2 24 91 40 0 34 47 14 74 32 38 63 73 15 46 48 42 35 78 25 60 45 79 36 87 26 29 51 28 21 33 16 20 94 83 93 59 71 96 58 69 61 68 5 17 72 44 84 10 88 95 70 19 67 54 3 80 37 97 9 1 81 92 18 43 49 
93 56 77 70 71 61 84 48 0 10 12 6 50 1 92 18 2 24 64 19 43 55 66 68 78 20 37 44 51 27 57 82 17 31 59 80 90 13 21 29 32 33 40 49 52 63 65 79 22 30 35 46 60 85 26 47 58 76 96 98 14 36 91 95 45 62 86 89 25 39 54 73 75 81 994 5 7 11 41 83 94 16 28 53 67 87 97 34 74 88 3 9 15 38 42 72 23 69 8 
0 1 2 6 10 12 13 17 18 19 20 21 24 27 29 31 32 33 37 40 43 44 48 49 50 51 52 55 56 57 59 61 63 64 65 66 68 70 71 77 78 79 80 82 84 90 92 93 3 4 5 7 8 9 11 14 15 16 22 23 25 26 28 30 34 35 36 38 39 41 42 45 46 47 53 54 58 60 62 67 69 72 73 74 75 76 81 83 85 86 87 88 89 91 94 95 96 97 98 99
82 9961 31 18 8 20 39 15 91 69 65 38 6 7 10 54 5 24 42 50 29 77 66 4 93 53 41 52 17 92 30 47 26 86 45 88 67 98 40 9 23 59 57 36 32 16 0 21 49 43 83 22 14 97 87 2 48 25 73 72 76 35 63 96 80 1 75 60 12 28 95 68 27 78 84 13 56 37 46 74 94 90 58 70 79 85 33 19 62 11 34 44 51 3 89 64 71 81 55 
20 46 32 97 26 0 49 87 8 23 43 69 81 93 2 34 83 50 10 62 65 66 68 36 39 78 80 94 3 4 12 28 63 44 47 52 79 85 91 16 33 54 19 21 30 60 61 72 92 9915 18 51 57 64 70 73 88 95 1 42 48 84 90 6 11 22 29 56 59 89 7 14 17 37 45 75 9 13 31 40 55 67 27 35 38 41 58 77 74 76 82 96 71 5 24 98 53 86 25 
0 2 3 4 8 10 12 16 20 23 26 28 32 33 34 36 39 43 44 46 47 49 50 52 54 62 63 65 66 68 69 78 79 80 81 83 85 87 91 93 94 97 1 5 6 7 9 11 13 14 15 17 18 19 21 22 24 25 27 29 30 31 35 37 38 40 41 42 45 48 51 53 55 56 57 58 59 60 61 64 67 70 71 72 73 74 75 76 77 82 84 86 88 89 90 92 95 96 98 99
65 72 15 75 22 44 7 78 89 80 67 55 43 37 52 6 3 87 34 98 47 85 81 4 59 40 32 73 28 76 84 74 58 27 63 12 41 91 23 79 70 30 83 56 8 60 71 19 9 68 42 51 0 86 95 29 92 62 97 33 88 24 36 9916 54 31 49 94 20 25 61 17 39 50 48 53 69 82 57 11 10 5 66 64 21 35 93 77 2 13 90 45 38 46 1 26 14 18 96 
6 54 93 1 84 68 33 65 91 85 0 19 47 49 52 53 58 75 13 17 35 94 46 48 67 82 87 98 2 5 39 42 22 28 41 97 24 51 61 63 73 79 95 15 16 18 30 44 71 92 4 9 26 38 43 45 50 55 64 76 81 86 10 11 60 20 25 34 37 40 69 89 3 7 8 12 57 70 72 83 21 74 23 31 66 77 88 14 36 56 9978 80 90 32 62 27 96 59 29 
0 1 2 5 6 13 17 19 22 24 28 33 35 39 41 42 46 47 48 49 51 52 53 54 58 61 63 65 67 68 73 75 79 82 84 85 87 91 93 94 95 97 98 3 4 7 8 9 10 11 12 14 15 16 18 20 21 23 25 26 27 29 30 31 32 34 36 37 38 40 43 44 45 50 55 56 57 59 60 62 64 66 69 70 71 72 74 76 77 78 80 81 83 86 88 89 90 92 96 99
1 24 62 44 31 27 84 85 14 34 80 92 52 33 21 49 77 89 0 25 68 46 39 86 61 69 91 26 16 95 9965 76 5 19 47 32 11 63 75 28 66 22 81 90 3 83 79 7 78 38 30 59 96 94 23 36 87 54 12 41 58 98 57 35 72 50 20 53 48 60 45 55 56 73 70 82 51 8 71 43 67 18 74 10 37 2 88 9 15 42 97 64 13 17 93 29 6 4 40 
19 23 71 30 48 93 2 79 84 7 11 14 22 56 58 68 10 46 20 33 66 92 9 35 52 62 24 47 72 13 27 32 34 44 57 65 76 80 81 98 15 43 49 55 74 1 4 39 77 97 6 12 42 51 61 82 86 88 8 16 31 60 64 83 85 95 3 25 38 40 63 70 89 21 29 37 59 69 87 90 17 36 73 96 26 28 45 50 53 0 18 54 94 91 5 78 9967 75 41 
2 7 9 10 11 13 14 15 19 20 22 23 24 27 30 32 33 34 35 43 44 46 47 48 49 52 55 56 57 58 62 65 66 68 71 72 74 76 79 80 81 84 92 93 98 0 1 3 4 5 6 8 12 16 17 18 21 25 26 28 29 31 36 37 38 39 40 41 42 45 50 51 53 54 59 60 61 63 64 67 69 70 73 75 77 78 82 83 85 86 87 88 89 90 91 94 95 96 97 99
12 95 19 72 21 43 40 39 7 92 57 18 74 65 97 33 49 84 75 76 71 30 66 87 52 77 38 94 13 28 46 96 9 8 59 53 89 63 35 85 51 64 58 91 73 20 6 88 81 2 56 98 41 54 9915 32 78 26 68 45 31 10 29 42 36 79 25 90 44 22 0 47 14 69 82 23 93 4 27 24 11 61 17 83 5 86 60 67 1 16 55 48 37 3 34 70 80 62 50 
83 79 92 62 19 65 34 71 86 3 57 87 37 97 5 12 56 58 64 70 81 0 13 21 36 48 60 63 66 82 90 98 18 4 23 68 14 20 30 44 59 72 84 50 76 96 9 27 33 39 42 85 93 8 10 41 43 53 88 31 40 47 73 9917 45 54 61 78 89 1 7 35 26 74 2 6 25 28 32 46 94 95 22 49 52 24 38 55 75 77 91 15 16 51 80 11 67 69 29 
0 3 4 5 12 13 14 18 19 20 21 23 30 34 36 37 44 48 50 56 57 58 59 60 62 63 64 65 66 68 70 71 72 76 79 81 82 83 84 86 87 90 92 96 97 98 1 2 6 7 8 9 10 11 15 16 17 22 24 25 26 27 28 29 31 32 33 35 38 39 40 41 42 43 45 46 47 49 51 52 53 54 55 61 67 69 73 74 75 77 78 80 85 88 89 91 93 94 95 99
62 37 22 60 73 42 9911 53 45 44 81 43 29 88 69 93 82 9 47 91 85 13 59 50 83 70 41 55 51 78 48 95 6 33 8 74 71 39 20 18 57 17 61 97 49 89 1 4 52 86 3 64 7 54 46 63 66 10 0 38 76 87 2 75 30 72 65 25 32 80 35 24 96 58 67 84 21 40 92 12 98 16 5 15 14 28 23 27 34 31 79 26 90 56 19 77 36 68 94 
5 69 81 6 34 33 42 77 88 98 20 65 73 27 36 55 61 64 37 39 90 25 28 51 82 2 3 4 11 19 24 32 53 59 62 63 75 76 43 60 94 8 41 57 79 91 95 29 30 35 49 56 74 78 46 58 83 87 23 44 48 31 45 68 70 85 86 93 12 14 15 40 67 71 84 89 10 22 47 7 9 17 52 97 990 96 16 18 1 26 38 50 80 92 21 13 66 54 72 
2 3 4 5 6 8 11 19 20 24 25 27 28 32 33 34 36 37 39 41 42 43 51 53 55 57 59 60 61 62 63 64 65 69 73 75 76 77 79 81 82 88 90 91 94 95 98 0 1 7 9 10 12 13 14 15 16 17 18 21 22 23 26 29 30 31 35 38 40 44 45 46 47 48 49 50 52 54 56 58 66 67 68 70 71 72 74 78 80 83 84 85 86 87 89 92 93 96 97 99
45 10 33 50 28 13 95 71 60 68 37 63 9940 19 9 58 53 4 91 29 94 86 93 90 62 74 85 81 49 80 92 88 48 1 83 35 46 32 24 43 16 31 5 8 57 54 27 2 6 36 59 51 52 26 61 69 12 17 20 14 75 66 0 11 97 78 96 39 47 21 82 76 98 73 55 15 84 67 18 23 70 34 72 64 38 30 22 89 77 87 56 65 41 42 79 7 3 25 44 
29 1 93 79 84 31 2 36 26 71 4 9 44 30 19 51 57 98 27 41 72 78 82 34 45 47 85 89 17 33 74 6 32 35 39 43 56 60 64 91 0 48 55 65 69 80 8 25 37 38 40 96 7 11 18 70 3 52 66 76 92 13 14 22 23 50 61 81 87 90 5 20 59 77 10 46 54 62 86 95 15 16 53 63 83 88 28 49 94 21 24 68 67 9942 58 97 12 73 75 
0 1 2 4 6 9 17 19 26 27 29 30 31 32 33 34 35 36 39 41 43 44 45 47 48 51 55 56 57 60 64 65 69 71 72 74 78 79 80 82 84 85 89 91 93 98 3 5 7 8 10 11 12 13 14 15 16 18 20 21 22 23 24 25 28 37 38 40 42 46 49 50 52 53 54 58 59 61 62 63 66 67 68 70 73 75 76 77 81 83 86 87 88 90 92 94 95 96 97 99
73 32 31 98 40 37 34 33 29 10 46 60 18 6 56 86 52 65 74 8 9958 13 9 38 35 89 4 14 84 16 27 68 24 41 79 53 76 48 97 91 90 49 59 61 1 19 93 75 78 39 0 3 70 47 63 81 87 44 45 7 57 80 43 11 64 94 42 67 5 92 54 30 22 51 15 28 25 71 66 62 82 95 36 26 77 88 2 69 23 12 17 83 85 21 55 20 50 72 96 
8 33 79 9 32 3 18 49 73 87 92 11 40 75 28 90 15 36 91 17 25 39 65 72 97 98 7 46 52 80 5 19 41 61 0 34 35 66 67 71 82 1 26 47 56 74 76 84 88 96 16 24 43 48 63 21 62 78 83 86 89 10 14 30 50 53 54 13 29 38 27 57 69 77 85 93 23 42 59 60 68 22 37 94 4 44 95 9931 45 51 58 20 12 64 55 81 6 70 2 
0 1 3 5 7 8 9 11 15 17 18 19 25 26 28 32 33 34 35 36 39 40 41 46 47 49 52 56 61 65 66 67 71 72 73 74 75 76 79 80 82 84 87 88 90 91 92 96 97 98 2 4 6 10 12 13 14 16 20 21 22 23 24 27 29 30 31 37 38 42 43 44 45 48 50 51 53 54 55 57 58 59 60 62 63 64 68 69 70 77 78 81 83 85 86 89 93 94 95 99
73 84 41 34 31 36 95 29 51 56 18 96 26 71 90 10 50 66 72 98 77 20 93 3 88 32 52 47 40 35 78 23 19 43 42 94 49 57 62 86 33 2 38 53 91 9917 25 7 37 58 12 14 70 4 13 9 15 11 45 59 6 48 68 28 30 64 79 22 61 46 76 67 55 83 75 65 87 44 92 81 85 16 63 82 89 39 1 21 60 5 0 69 8 24 54 74 27 97 80 
40 15 27 41 61 82 21 31 4 18 51 88 96 14 98 28 89 45 54 57 2 33 72 52 55 66 84 85 10 20 37 56 83 93 1 5 23 25 26 36 38 68 87 90 73 91 8 39 47 60 63 69 95 97 22 42 53 62 71 3 19 70 74 75 79 9943 48 67 78 46 49 77 7 9 11 29 50 86 0 16 32 34 44 24 30 58 81 92 6 76 17 35 64 59 65 12 80 94 13 
1 2 4 5 10 14 15 18 20 21 23 25 26 27 28 31 33 36 37 38 40 41 45 51 52 54 55 56 57 61 66 68 72 73 82 83 84 85 87 88 89 90 91 93 96 98 0 3 6 7 8 9 11 12 13 16 17 19 22 24 29 30 32 34 35 39 42 43 44 46 47 48 49 50 53 58 59 60 62 63 64 65 67 69 70 71 74 75 76 77 78 79 80 81 86 92 94 95 97 99
